<?xml version="1.0" encoding="UTF-8"?>
<!-- Generated by org.testng.reporters.JUnitXMLReporter -->
<testsuite ignored="8" hostname="DESKTOP-C1IFLQ8" failures="0" tests="53" name="Run on chrome " time="205.018" errors="0" timestamp="10 Oct 2023 15:08:41 GMT">
  <testcase classname="testcases.com.bankguru.customer.Customer_01_New_Customer" name="@BeforeClass beforeClass" time="19.071">
    <failure type="java.lang.IllegalArgumentException" message="Keys to send should be a not null CharSequence">
      <![CDATA[java.lang.IllegalArgumentException: Keys to send should be a not null CharSequence
at org.openqa.selenium.remote.RemoteWebElement.sendKeys(RemoteWebElement.java:97)
at commons.BasePage.sendkeyToElement(BasePage.java:179)
at pageObjects.LoginPageObject.inputToUserIDTextbox(LoginPageObject.java:23)
at testcases.com.bankguru.customer.Customer_01_New_Customer.beforeClass(Customer_01_New_Customer.java:42)
at java.base/java.util.concurrent.FutureTask.run(FutureTask.java:264)
at java.base/java.util.concurrent.ThreadPoolExecutor.runWorker(ThreadPoolExecutor.java:1128)
at java.base/java.util.concurrent.ThreadPoolExecutor$Worker.run(ThreadPoolExecutor.java:628)
at java.base/java.lang.Thread.run(Thread.java:834)
... Removed 17 stack frames]]>
    </failure>
  </testcase> <!-- @BeforeClass beforeClass -->
  <testcase classname="testcases.com.bankguru.customer.Customer_02_Edit_Customer" name="@BeforeClass beforeClass" time="14.269">
    <failure type="org.openqa.selenium.WebDriverException" message="java.net.ConnectException: Failed to connect to localhost/0:0:0:0:0:0:0:1:2444
Build info: version: &amp;apos;3.141.59&amp;apos;, revision: &amp;apos;e82be7d358&amp;apos;, time: &amp;apos;2018-11-14T08:17:03&amp;apos;
System info: host: &amp;apos;DESKTOP-C1IFLQ8&amp;apos;, ip: &amp;apos;172.31.176.1&amp;apos;, os.name: &amp;apos;Windows 10&amp;apos;, os.arch: &amp;apos;amd64&amp;apos;, os.version: &amp;apos;10.0&amp;apos;, java.version: &amp;apos;11.0.14&amp;apos;
Driver info: driver.version: RemoteWebDriver">
      <![CDATA[org.openqa.selenium.WebDriverException: java.net.ConnectException: Failed to connect to localhost/0:0:0:0:0:0:0:1:2444
Build info: version: '3.141.59', revision: 'e82be7d358', time: '2018-11-14T08:17:03'
System info: host: 'DESKTOP-C1IFLQ8', ip: '172.31.176.1', os.name: 'Windows 10', os.arch: 'amd64', os.version: '10.0', java.version: '11.0.14'
Driver info: driver.version: RemoteWebDriver
at org.openqa.selenium.remote.service.DriverCommandExecutor.execute(DriverCommandExecutor.java:92)
at org.openqa.selenium.remote.RemoteWebDriver.execute(RemoteWebDriver.java:552)
at org.openqa.selenium.remote.RemoteWebDriver.get(RemoteWebDriver.java:277)
at commons.BaseTest.getBrowserDriver(BaseTest.java:61)
at testcases.com.bankguru.customer.Customer_02_Edit_Customer.beforeClass(Customer_02_Edit_Customer.java:29)
at java.base/java.util.concurrent.FutureTask.run(FutureTask.java:264)
at java.base/java.util.concurrent.ThreadPoolExecutor.runWorker(ThreadPoolExecutor.java:1128)
at java.base/java.util.concurrent.ThreadPoolExecutor$Worker.run(ThreadPoolExecutor.java:628)
at java.base/java.lang.Thread.run(Thread.java:834)
Caused by: java.net.ConnectException: Failed to connect to localhost/0:0:0:0:0:0:0:1:2444
at okhttp3.internal.connection.RealConnection.connectSocket(RealConnection.java:247)
at okhttp3.internal.connection.RealConnection.connect(RealConnection.java:165)
at okhttp3.internal.connection.StreamAllocation.findConnection(StreamAllocation.java:257)
at okhttp3.internal.connection.StreamAllocation.findHealthyConnection(StreamAllocation.java:135)
at okhttp3.internal.connection.StreamAllocation.newStream(StreamAllocation.java:114)
at okhttp3.internal.connection.ConnectInterceptor.intercept(ConnectInterceptor.java:42)
at okhttp3.internal.http.RealInterceptorChain.proceed(RealInterceptorChain.java:147)
at okhttp3.internal.http.RealInterceptorChain.proceed(RealInterceptorChain.java:121)
at okhttp3.internal.cache.CacheInterceptor.intercept(CacheInterceptor.java:93)
at okhttp3.internal.http.RealInterceptorChain.proceed(RealInterceptorChain.java:147)
at okhttp3.internal.http.RealInterceptorChain.proceed(RealInterceptorChain.java:121)
at okhttp3.internal.http.BridgeInterceptor.intercept(BridgeInterceptor.java:93)
at okhttp3.internal.http.RealInterceptorChain.proceed(RealInterceptorChain.java:147)
at okhttp3.internal.http.RetryAndFollowUpInterceptor.intercept(RetryAndFollowUpInterceptor.java:126)
at okhttp3.internal.http.RealInterceptorChain.proceed(RealInterceptorChain.java:147)
at okhttp3.internal.http.RealInterceptorChain.proceed(RealInterceptorChain.java:121)
at okhttp3.RealCall.getResponseWithInterceptorChain(RealCall.java:200)
at okhttp3.RealCall.execute(RealCall.java:77)
at org.openqa.selenium.remote.internal.OkHttpClient.execute(OkHttpClient.java:103)
at org.openqa.selenium.remote.HttpCommandExecutor.execute(HttpCommandExecutor.java:155)
at org.openqa.selenium.remote.service.DriverCommandExecutor.execute(DriverCommandExecutor.java:83)
... 25 more
Caused by: java.net.ConnectException: Connection refused: connect
at java.base/java.net.PlainSocketImpl.waitForConnect(Native Method)
at java.base/java.net.PlainSocketImpl.socketConnect(PlainSocketImpl.java:107)
at java.base/java.net.AbstractPlainSocketImpl.doConnect(AbstractPlainSocketImpl.java:412)
at java.base/java.net.AbstractPlainSocketImpl.connectToAddress(AbstractPlainSocketImpl.java:255)
at java.base/java.net.AbstractPlainSocketImpl.connect(AbstractPlainSocketImpl.java:237)
at java.base/java.net.SocksSocketImpl.connect(SocksSocketImpl.java:392)
at java.base/java.net.Socket.connect(Socket.java:608)
at okhttp3.internal.platform.Platform.connectSocket(Platform.java:129)
at okhttp3.internal.connection.RealConnection.connectSocket(RealConnection.java:245)
... 45 more
... Removed 17 stack frames]]>
    </failure>
  </testcase> <!-- @BeforeClass beforeClass -->
  <testcase classname="testcases.com.bankguru.customer.Customer_02_Edit_Customer" name="@AfterClass afterClass" time="4.613">
    <failure type="org.openqa.selenium.WebDriverException" message="java.net.ConnectException: Failed to connect to localhost/0:0:0:0:0:0:0:1:2444
Build info: version: &amp;apos;3.141.59&amp;apos;, revision: &amp;apos;e82be7d358&amp;apos;, time: &amp;apos;2018-11-14T08:17:03&amp;apos;
System info: host: &amp;apos;DESKTOP-C1IFLQ8&amp;apos;, ip: &amp;apos;172.31.176.1&amp;apos;, os.name: &amp;apos;Windows 10&amp;apos;, os.arch: &amp;apos;amd64&amp;apos;, os.version: &amp;apos;10.0&amp;apos;, java.version: &amp;apos;11.0.14&amp;apos;
Driver info: driver.version: RemoteWebDriver">
      <![CDATA[org.openqa.selenium.WebDriverException: java.net.ConnectException: Failed to connect to localhost/0:0:0:0:0:0:0:1:2444
Build info: version: '3.141.59', revision: 'e82be7d358', time: '2018-11-14T08:17:03'
System info: host: 'DESKTOP-C1IFLQ8', ip: '172.31.176.1', os.name: 'Windows 10', os.arch: 'amd64', os.version: '10.0', java.version: '11.0.14'
Driver info: driver.version: RemoteWebDriver
at org.openqa.selenium.remote.service.DriverCommandExecutor.execute(DriverCommandExecutor.java:92)
at org.openqa.selenium.remote.RemoteWebDriver.execute(RemoteWebDriver.java:552)
at org.openqa.selenium.remote.RemoteWebDriver.execute(RemoteWebDriver.java:609)
at org.openqa.selenium.remote.RemoteWebDriver.quit(RemoteWebDriver.java:452)
at commons.BaseTest.closeBrowserAndDriver(BaseTest.java:153)
at testcases.com.bankguru.customer.Customer_02_Edit_Customer.afterClass(Customer_02_Edit_Customer.java:288)
at java.base/java.util.concurrent.FutureTask.run(FutureTask.java:264)
at java.base/java.util.concurrent.ThreadPoolExecutor.runWorker(ThreadPoolExecutor.java:1128)
at java.base/java.util.concurrent.ThreadPoolExecutor$Worker.run(ThreadPoolExecutor.java:628)
at java.base/java.lang.Thread.run(Thread.java:834)
Caused by: java.net.ConnectException: Failed to connect to localhost/0:0:0:0:0:0:0:1:2444
at okhttp3.internal.connection.RealConnection.connectSocket(RealConnection.java:247)
at okhttp3.internal.connection.RealConnection.connect(RealConnection.java:165)
at okhttp3.internal.connection.StreamAllocation.findConnection(StreamAllocation.java:257)
at okhttp3.internal.connection.StreamAllocation.findHealthyConnection(StreamAllocation.java:135)
at okhttp3.internal.connection.StreamAllocation.newStream(StreamAllocation.java:114)
at okhttp3.internal.connection.ConnectInterceptor.intercept(ConnectInterceptor.java:42)
at okhttp3.internal.http.RealInterceptorChain.proceed(RealInterceptorChain.java:147)
at okhttp3.internal.http.RealInterceptorChain.proceed(RealInterceptorChain.java:121)
at okhttp3.internal.cache.CacheInterceptor.intercept(CacheInterceptor.java:93)
at okhttp3.internal.http.RealInterceptorChain.proceed(RealInterceptorChain.java:147)
at okhttp3.internal.http.RealInterceptorChain.proceed(RealInterceptorChain.java:121)
at okhttp3.internal.http.BridgeInterceptor.intercept(BridgeInterceptor.java:93)
at okhttp3.internal.http.RealInterceptorChain.proceed(RealInterceptorChain.java:147)
at okhttp3.internal.http.RetryAndFollowUpInterceptor.intercept(RetryAndFollowUpInterceptor.java:126)
at okhttp3.internal.http.RealInterceptorChain.proceed(RealInterceptorChain.java:147)
at okhttp3.internal.http.RealInterceptorChain.proceed(RealInterceptorChain.java:121)
at okhttp3.RealCall.getResponseWithInterceptorChain(RealCall.java:200)
at okhttp3.RealCall.execute(RealCall.java:77)
at org.openqa.selenium.remote.internal.OkHttpClient.execute(OkHttpClient.java:103)
at org.openqa.selenium.remote.HttpCommandExecutor.execute(HttpCommandExecutor.java:155)
at org.openqa.selenium.remote.service.DriverCommandExecutor.execute(DriverCommandExecutor.java:83)
... 26 more
Caused by: java.net.ConnectException: Connection refused: connect
at java.base/java.net.PlainSocketImpl.waitForConnect(Native Method)
at java.base/java.net.PlainSocketImpl.socketConnect(PlainSocketImpl.java:107)
at java.base/java.net.AbstractPlainSocketImpl.doConnect(AbstractPlainSocketImpl.java:412)
at java.base/java.net.AbstractPlainSocketImpl.connectToAddress(AbstractPlainSocketImpl.java:255)
at java.base/java.net.AbstractPlainSocketImpl.connect(AbstractPlainSocketImpl.java:237)
at java.base/java.net.SocksSocketImpl.connect(SocksSocketImpl.java:392)
at java.base/java.net.Socket.connect(Socket.java:608)
at okhttp3.internal.platform.Platform.connectSocket(Platform.java:129)
at okhttp3.internal.connection.RealConnection.connectSocket(RealConnection.java:245)
... 46 more
... Removed 17 stack frames]]>
    </failure>
  </testcase> <!-- @AfterClass afterClass -->
  <testcase classname="testcases.com.bankguru.customer.Customer_03_Delete_Customer" name="@BeforeClass beforeClass" time="13.382">
    <failure type="java.lang.IllegalArgumentException" message="Keys to send should be a not null CharSequence">
      <![CDATA[java.lang.IllegalArgumentException: Keys to send should be a not null CharSequence
at org.openqa.selenium.remote.RemoteWebElement.sendKeys(RemoteWebElement.java:97)
at commons.BasePage.sendkeyToElement(BasePage.java:179)
at pageObjects.LoginPageObject.inputToUserIDTextbox(LoginPageObject.java:23)
at testcases.com.bankguru.customer.Customer_03_Delete_Customer.beforeClass(Customer_03_Delete_Customer.java:50)
at java.base/java.util.concurrent.FutureTask.run(FutureTask.java:264)
at java.base/java.util.concurrent.ThreadPoolExecutor.runWorker(ThreadPoolExecutor.java:1128)
at java.base/java.util.concurrent.ThreadPoolExecutor$Worker.run(ThreadPoolExecutor.java:628)
at java.base/java.lang.Thread.run(Thread.java:834)
... Removed 17 stack frames]]>
    </failure>
  </testcase> <!-- @BeforeClass beforeClass -->
  <testcase classname="testcases.com.bankguru.account.Account_01_New_Account" name="@BeforeClass beforeClass" time="14.373">
    <failure type="java.lang.IllegalArgumentException" message="Keys to send should be a not null CharSequence">
      <![CDATA[java.lang.IllegalArgumentException: Keys to send should be a not null CharSequence
at org.openqa.selenium.remote.RemoteWebElement.sendKeys(RemoteWebElement.java:97)
at commons.BasePage.sendkeyToElement(BasePage.java:179)
at pageObjects.LoginPageObject.inputToUserIDTextbox(LoginPageObject.java:23)
at testcases.com.bankguru.account.Account_01_New_Account.beforeClass(Account_01_New_Account.java:38)
at java.base/java.util.concurrent.FutureTask.run(FutureTask.java:264)
at java.base/java.util.concurrent.ThreadPoolExecutor.runWorker(ThreadPoolExecutor.java:1128)
at java.base/java.util.concurrent.ThreadPoolExecutor$Worker.run(ThreadPoolExecutor.java:628)
at java.base/java.lang.Thread.run(Thread.java:834)
... Removed 17 stack frames]]>
    </failure>
  </testcase> <!-- @BeforeClass beforeClass -->
  <testcase classname="testcases.com.bankguru.account.Account_02_Edit_Account" name="@BeforeClass beforeClass" time="15.4">
    <failure type="java.lang.IllegalArgumentException" message="Keys to send should be a not null CharSequence">
      <![CDATA[java.lang.IllegalArgumentException: Keys to send should be a not null CharSequence
at org.openqa.selenium.remote.RemoteWebElement.sendKeys(RemoteWebElement.java:97)
at commons.BasePage.sendkeyToElement(BasePage.java:179)
at pageObjects.LoginPageObject.inputToUserIDTextbox(LoginPageObject.java:23)
at testcases.com.bankguru.account.Account_02_Edit_Account.beforeClass(Account_02_Edit_Account.java:36)
at java.base/java.util.concurrent.FutureTask.run(FutureTask.java:264)
at java.base/java.util.concurrent.ThreadPoolExecutor.runWorker(ThreadPoolExecutor.java:1128)
at java.base/java.util.concurrent.ThreadPoolExecutor$Worker.run(ThreadPoolExecutor.java:628)
at java.base/java.lang.Thread.run(Thread.java:834)
... Removed 17 stack frames]]>
    </failure>
  </testcase> <!-- @BeforeClass beforeClass -->
  <testcase classname="testcases.com.bankguru.account.Account_03_Delete_Account" name="@BeforeClass beforeClass" time="15.125">
    <failure type="org.openqa.selenium.WebDriverException" message="java.net.ConnectException: Failed to connect to localhost/0:0:0:0:0:0:0:1:32502
Build info: version: &amp;apos;3.141.59&amp;apos;, revision: &amp;apos;e82be7d358&amp;apos;, time: &amp;apos;2018-11-14T08:17:03&amp;apos;
System info: host: &amp;apos;DESKTOP-C1IFLQ8&amp;apos;, ip: &amp;apos;172.31.176.1&amp;apos;, os.name: &amp;apos;Windows 10&amp;apos;, os.arch: &amp;apos;amd64&amp;apos;, os.version: &amp;apos;10.0&amp;apos;, java.version: &amp;apos;11.0.14&amp;apos;
Driver info: driver.version: RemoteWebDriver">
      <![CDATA[org.openqa.selenium.WebDriverException: java.net.ConnectException: Failed to connect to localhost/0:0:0:0:0:0:0:1:32502
Build info: version: '3.141.59', revision: 'e82be7d358', time: '2018-11-14T08:17:03'
System info: host: 'DESKTOP-C1IFLQ8', ip: '172.31.176.1', os.name: 'Windows 10', os.arch: 'amd64', os.version: '10.0', java.version: '11.0.14'
Driver info: driver.version: RemoteWebDriver
at org.openqa.selenium.remote.service.DriverCommandExecutor.execute(DriverCommandExecutor.java:92)
at org.openqa.selenium.remote.RemoteWebDriver.execute(RemoteWebDriver.java:552)
at org.openqa.selenium.remote.RemoteWebDriver.get(RemoteWebDriver.java:277)
at commons.BaseTest.getBrowserDriver(BaseTest.java:61)
at testcases.com.bankguru.account.Account_03_Delete_Account.beforeClass(Account_03_Delete_Account.java:26)
at java.base/java.util.concurrent.FutureTask.run(FutureTask.java:264)
at java.base/java.util.concurrent.ThreadPoolExecutor.runWorker(ThreadPoolExecutor.java:1128)
at java.base/java.util.concurrent.ThreadPoolExecutor$Worker.run(ThreadPoolExecutor.java:628)
at java.base/java.lang.Thread.run(Thread.java:834)
Caused by: java.net.ConnectException: Failed to connect to localhost/0:0:0:0:0:0:0:1:32502
at okhttp3.internal.connection.RealConnection.connectSocket(RealConnection.java:247)
at okhttp3.internal.connection.RealConnection.connect(RealConnection.java:165)
at okhttp3.internal.connection.StreamAllocation.findConnection(StreamAllocation.java:257)
at okhttp3.internal.connection.StreamAllocation.findHealthyConnection(StreamAllocation.java:135)
at okhttp3.internal.connection.StreamAllocation.newStream(StreamAllocation.java:114)
at okhttp3.internal.connection.ConnectInterceptor.intercept(ConnectInterceptor.java:42)
at okhttp3.internal.http.RealInterceptorChain.proceed(RealInterceptorChain.java:147)
at okhttp3.internal.http.RealInterceptorChain.proceed(RealInterceptorChain.java:121)
at okhttp3.internal.cache.CacheInterceptor.intercept(CacheInterceptor.java:93)
at okhttp3.internal.http.RealInterceptorChain.proceed(RealInterceptorChain.java:147)
at okhttp3.internal.http.RealInterceptorChain.proceed(RealInterceptorChain.java:121)
at okhttp3.internal.http.BridgeInterceptor.intercept(BridgeInterceptor.java:93)
at okhttp3.internal.http.RealInterceptorChain.proceed(RealInterceptorChain.java:147)
at okhttp3.internal.http.RetryAndFollowUpInterceptor.intercept(RetryAndFollowUpInterceptor.java:126)
at okhttp3.internal.http.RealInterceptorChain.proceed(RealInterceptorChain.java:147)
at okhttp3.internal.http.RealInterceptorChain.proceed(RealInterceptorChain.java:121)
at okhttp3.RealCall.getResponseWithInterceptorChain(RealCall.java:200)
at okhttp3.RealCall.execute(RealCall.java:77)
at org.openqa.selenium.remote.internal.OkHttpClient.execute(OkHttpClient.java:103)
at org.openqa.selenium.remote.HttpCommandExecutor.execute(HttpCommandExecutor.java:155)
at org.openqa.selenium.remote.service.DriverCommandExecutor.execute(DriverCommandExecutor.java:83)
... 25 more
Caused by: java.net.ConnectException: Connection refused: connect
at java.base/java.net.PlainSocketImpl.waitForConnect(Native Method)
at java.base/java.net.PlainSocketImpl.socketConnect(PlainSocketImpl.java:107)
at java.base/java.net.AbstractPlainSocketImpl.doConnect(AbstractPlainSocketImpl.java:412)
at java.base/java.net.AbstractPlainSocketImpl.connectToAddress(AbstractPlainSocketImpl.java:255)
at java.base/java.net.AbstractPlainSocketImpl.connect(AbstractPlainSocketImpl.java:237)
at java.base/java.net.SocksSocketImpl.connect(SocksSocketImpl.java:392)
at java.base/java.net.Socket.connect(Socket.java:608)
at okhttp3.internal.platform.Platform.connectSocket(Platform.java:129)
at okhttp3.internal.connection.RealConnection.connectSocket(RealConnection.java:245)
... 45 more
... Removed 17 stack frames]]>
    </failure>
  </testcase> <!-- @BeforeClass beforeClass -->
  <testcase classname="testcases.com.bankguru.account.Account_03_Delete_Account" name="@AfterClass afterClass" time="4.61">
    <failure type="org.openqa.selenium.WebDriverException" message="java.net.ConnectException: Failed to connect to localhost/0:0:0:0:0:0:0:1:32502
Build info: version: &amp;apos;3.141.59&amp;apos;, revision: &amp;apos;e82be7d358&amp;apos;, time: &amp;apos;2018-11-14T08:17:03&amp;apos;
System info: host: &amp;apos;DESKTOP-C1IFLQ8&amp;apos;, ip: &amp;apos;172.31.176.1&amp;apos;, os.name: &amp;apos;Windows 10&amp;apos;, os.arch: &amp;apos;amd64&amp;apos;, os.version: &amp;apos;10.0&amp;apos;, java.version: &amp;apos;11.0.14&amp;apos;
Driver info: driver.version: RemoteWebDriver">
      <![CDATA[org.openqa.selenium.WebDriverException: java.net.ConnectException: Failed to connect to localhost/0:0:0:0:0:0:0:1:32502
Build info: version: '3.141.59', revision: 'e82be7d358', time: '2018-11-14T08:17:03'
System info: host: 'DESKTOP-C1IFLQ8', ip: '172.31.176.1', os.name: 'Windows 10', os.arch: 'amd64', os.version: '10.0', java.version: '11.0.14'
Driver info: driver.version: RemoteWebDriver
at org.openqa.selenium.remote.service.DriverCommandExecutor.execute(DriverCommandExecutor.java:92)
at org.openqa.selenium.remote.RemoteWebDriver.execute(RemoteWebDriver.java:552)
at org.openqa.selenium.remote.RemoteWebDriver.execute(RemoteWebDriver.java:609)
at org.openqa.selenium.remote.RemoteWebDriver.quit(RemoteWebDriver.java:452)
at commons.BaseTest.closeBrowserAndDriver(BaseTest.java:153)
at testcases.com.bankguru.account.Account_03_Delete_Account.afterClass(Account_03_Delete_Account.java:107)
at java.base/java.util.concurrent.FutureTask.run(FutureTask.java:264)
at java.base/java.util.concurrent.ThreadPoolExecutor.runWorker(ThreadPoolExecutor.java:1128)
at java.base/java.util.concurrent.ThreadPoolExecutor$Worker.run(ThreadPoolExecutor.java:628)
at java.base/java.lang.Thread.run(Thread.java:834)
Caused by: java.net.ConnectException: Failed to connect to localhost/0:0:0:0:0:0:0:1:32502
at okhttp3.internal.connection.RealConnection.connectSocket(RealConnection.java:247)
at okhttp3.internal.connection.RealConnection.connect(RealConnection.java:165)
at okhttp3.internal.connection.StreamAllocation.findConnection(StreamAllocation.java:257)
at okhttp3.internal.connection.StreamAllocation.findHealthyConnection(StreamAllocation.java:135)
at okhttp3.internal.connection.StreamAllocation.newStream(StreamAllocation.java:114)
at okhttp3.internal.connection.ConnectInterceptor.intercept(ConnectInterceptor.java:42)
at okhttp3.internal.http.RealInterceptorChain.proceed(RealInterceptorChain.java:147)
at okhttp3.internal.http.RealInterceptorChain.proceed(RealInterceptorChain.java:121)
at okhttp3.internal.cache.CacheInterceptor.intercept(CacheInterceptor.java:93)
at okhttp3.internal.http.RealInterceptorChain.proceed(RealInterceptorChain.java:147)
at okhttp3.internal.http.RealInterceptorChain.proceed(RealInterceptorChain.java:121)
at okhttp3.internal.http.BridgeInterceptor.intercept(BridgeInterceptor.java:93)
at okhttp3.internal.http.RealInterceptorChain.proceed(RealInterceptorChain.java:147)
at okhttp3.internal.http.RetryAndFollowUpInterceptor.intercept(RetryAndFollowUpInterceptor.java:126)
at okhttp3.internal.http.RealInterceptorChain.proceed(RealInterceptorChain.java:147)
at okhttp3.internal.http.RealInterceptorChain.proceed(RealInterceptorChain.java:121)
at okhttp3.RealCall.getResponseWithInterceptorChain(RealCall.java:200)
at okhttp3.RealCall.execute(RealCall.java:77)
at org.openqa.selenium.remote.internal.OkHttpClient.execute(OkHttpClient.java:103)
at org.openqa.selenium.remote.HttpCommandExecutor.execute(HttpCommandExecutor.java:155)
at org.openqa.selenium.remote.service.DriverCommandExecutor.execute(DriverCommandExecutor.java:83)
... 26 more
Caused by: java.net.ConnectException: Connection refused: connect
at java.base/java.net.PlainSocketImpl.waitForConnect(Native Method)
at java.base/java.net.PlainSocketImpl.socketConnect(PlainSocketImpl.java:107)
at java.base/java.net.AbstractPlainSocketImpl.doConnect(AbstractPlainSocketImpl.java:412)
at java.base/java.net.AbstractPlainSocketImpl.connectToAddress(AbstractPlainSocketImpl.java:255)
at java.base/java.net.AbstractPlainSocketImpl.connect(AbstractPlainSocketImpl.java:237)
at java.base/java.net.SocksSocketImpl.connect(SocksSocketImpl.java:392)
at java.base/java.net.Socket.connect(Socket.java:608)
at okhttp3.internal.platform.Platform.connectSocket(Platform.java:129)
at okhttp3.internal.connection.RealConnection.connectSocket(RealConnection.java:245)
... 46 more
... Removed 17 stack frames]]>
    </failure>
  </testcase> <!-- @AfterClass afterClass -->
  <testcase classname="testcases.com.bankguru.statement.Customised_Statement" name="@BeforeClass beforeClass" time="43.475">
    <failure type="org.openqa.selenium.TimeoutException" message="Expected condition failed: waiting for visibility of all elements located by By.name: uid (tried for 30 second(s) with 500 milliseconds interval)">
      <![CDATA[org.openqa.selenium.TimeoutException: Expected condition failed: waiting for visibility of all elements located by By.name: uid (tried for 30 second(s) with 500 milliseconds interval)
at org.openqa.selenium.support.ui.WebDriverWait.timeoutException(WebDriverWait.java:95)
at org.openqa.selenium.support.ui.FluentWait.until(FluentWait.java:272)
at commons.BasePage.waitForElementVisible(BasePage.java:488)
at pageObjects.LoginPageObject.inputToUserIDTextbox(LoginPageObject.java:22)
at testcases.com.bankguru.statement.Customised_Statement.beforeClass(Customised_Statement.java:46)
at java.base/java.util.concurrent.FutureTask.run(FutureTask.java:264)
at java.base/java.util.concurrent.ThreadPoolExecutor.runWorker(ThreadPoolExecutor.java:1128)
at java.base/java.util.concurrent.ThreadPoolExecutor$Worker.run(ThreadPoolExecutor.java:628)
at java.base/java.lang.Thread.run(Thread.java:834)
Caused by: org.openqa.selenium.NoSuchWindowException: no such window: target window already closed
from unknown error: web view not found
  (Session info: chrome=117.0.5938.150)
Build info: version: '3.141.59', revision: 'e82be7d358', time: '2018-11-14T08:17:03'
System info: host: 'DESKTOP-C1IFLQ8', ip: '172.31.176.1', os.name: 'Windows 10', os.arch: 'amd64', os.version: '10.0', java.version: '11.0.14'
Driver info: org.openqa.selenium.chrome.ChromeDriver
Capabilities {acceptInsecureCerts: true, browserName: chrome, browserVersion: 117.0.5938.150, chrome: {chromedriverVersion: 117.0.5938.149 (e3344ddefa1..., userDataDir: C:\Users\Admin\AppData\Loca...}, fedcm:accounts: true, goog:chromeOptions: {debuggerAddress: localhost:54090}, javascriptEnabled: true, networkConnectionEnabled: false, pageLoadStrategy: normal, platform: WINDOWS, platformName: WINDOWS, proxy: Proxy(), setWindowRect: true, strictFileInteractability: false, timeouts: {implicit: 0, pageLoad: 300000, script: 30000}, unhandledPromptBehavior: dismiss and notify, webauthn:extension:credBlob: true, webauthn:extension:largeBlob: true, webauthn:extension:minPinLength: true, webauthn:extension:prf: true, webauthn:virtualAuthenticators: true}
Session ID: e521f875bdba3bee80e4b0df51310712
*** Element info: {Using=name, value=uid}
at org.openqa.selenium.remote.http.W3CHttpResponseCodec.createException(W3CHttpResponseCodec.java:187)
at org.openqa.selenium.remote.http.W3CHttpResponseCodec.decode(W3CHttpResponseCodec.java:122)
at org.openqa.selenium.remote.http.W3CHttpResponseCodec.decode(W3CHttpResponseCodec.java:49)
at org.openqa.selenium.remote.HttpCommandExecutor.execute(HttpCommandExecutor.java:158)
at org.openqa.selenium.remote.service.DriverCommandExecutor.execute(DriverCommandExecutor.java:83)
at org.openqa.selenium.remote.RemoteWebDriver.execute(RemoteWebDriver.java:552)
at org.openqa.selenium.remote.RemoteWebDriver.findElements(RemoteWebDriver.java:353)
at org.openqa.selenium.remote.RemoteWebDriver.findElementsByName(RemoteWebDriver.java:408)
at org.openqa.selenium.By$ByName.findElements(By.java:276)
at org.openqa.selenium.remote.RemoteWebDriver.findElements(RemoteWebDriver.java:311)
at org.openqa.selenium.support.ui.ExpectedConditions$8.apply(ExpectedConditions.java:231)
at org.openqa.selenium.support.ui.ExpectedConditions$8.apply(ExpectedConditions.java:228)
at org.openqa.selenium.support.ui.FluentWait.until(FluentWait.java:249)
... 24 more
... Removed 20 stack frames]]>
    </failure>
  </testcase> <!-- @BeforeClass beforeClass -->
  <testcase classname="testcases.com.bankguru.statement.Mini_Statement" name="@BeforeClass beforeClass" time="14.597">
    <failure type="java.lang.IllegalArgumentException" message="Keys to send should be a not null CharSequence">
      <![CDATA[java.lang.IllegalArgumentException: Keys to send should be a not null CharSequence
at org.openqa.selenium.remote.RemoteWebElement.sendKeys(RemoteWebElement.java:97)
at commons.BasePage.sendkeyToElement(BasePage.java:179)
at pageObjects.LoginPageObject.inputToUserIDTextbox(LoginPageObject.java:23)
at testcases.com.bankguru.statement.Mini_Statement.beforeClass(Mini_Statement.java:33)
at java.base/java.util.concurrent.FutureTask.run(FutureTask.java:264)
at java.base/java.util.concurrent.ThreadPoolExecutor.runWorker(ThreadPoolExecutor.java:1128)
at java.base/java.util.concurrent.ThreadPoolExecutor$Worker.run(ThreadPoolExecutor.java:628)
at java.base/java.lang.Thread.run(Thread.java:834)
... Removed 17 stack frames]]>
    </failure>
  </testcase> <!-- @BeforeClass beforeClass -->
  <testcase classname="testcases.com.bankguru.Change_Password" name="@BeforeClass beforeClass" time="40.4">
    <failure type="org.openqa.selenium.TimeoutException" message="Expected condition failed: waiting for visibility of all elements located by By.name: uid (tried for 30 second(s) with 500 milliseconds interval)">
      <![CDATA[org.openqa.selenium.TimeoutException: Expected condition failed: waiting for visibility of all elements located by By.name: uid (tried for 30 second(s) with 500 milliseconds interval)
at org.openqa.selenium.support.ui.WebDriverWait.timeoutException(WebDriverWait.java:95)
at org.openqa.selenium.support.ui.FluentWait.until(FluentWait.java:272)
at commons.BasePage.waitForElementVisible(BasePage.java:488)
at pageObjects.LoginPageObject.inputToUserIDTextbox(LoginPageObject.java:22)
at testcases.com.bankguru.Change_Password.beforeClass(Change_Password.java:41)
at java.base/java.util.concurrent.FutureTask.run(FutureTask.java:264)
at java.base/java.util.concurrent.ThreadPoolExecutor.runWorker(ThreadPoolExecutor.java:1128)
at java.base/java.util.concurrent.ThreadPoolExecutor$Worker.run(ThreadPoolExecutor.java:628)
at java.base/java.lang.Thread.run(Thread.java:834)
Caused by: org.openqa.selenium.NoSuchWindowException: no such window: target window already closed
from unknown error: web view not found
  (Session info: chrome=117.0.5938.150)
Build info: version: '3.141.59', revision: 'e82be7d358', time: '2018-11-14T08:17:03'
System info: host: 'DESKTOP-C1IFLQ8', ip: '172.31.176.1', os.name: 'Windows 10', os.arch: 'amd64', os.version: '10.0', java.version: '11.0.14'
Driver info: org.openqa.selenium.chrome.ChromeDriver
Capabilities {acceptInsecureCerts: true, browserName: chrome, browserVersion: 117.0.5938.150, chrome: {chromedriverVersion: 117.0.5938.149 (e3344ddefa1..., userDataDir: C:\Users\Admin\AppData\Loca...}, fedcm:accounts: true, goog:chromeOptions: {debuggerAddress: localhost:54147}, javascriptEnabled: true, networkConnectionEnabled: false, pageLoadStrategy: normal, platform: WINDOWS, platformName: WINDOWS, proxy: Proxy(), setWindowRect: true, strictFileInteractability: false, timeouts: {implicit: 0, pageLoad: 300000, script: 30000}, unhandledPromptBehavior: dismiss and notify, webauthn:extension:credBlob: true, webauthn:extension:largeBlob: true, webauthn:extension:minPinLength: true, webauthn:extension:prf: true, webauthn:virtualAuthenticators: true}
Session ID: 37e249a95d87f8a80d87490b676e1a23
*** Element info: {Using=name, value=uid}
at org.openqa.selenium.remote.http.W3CHttpResponseCodec.createException(W3CHttpResponseCodec.java:187)
at org.openqa.selenium.remote.http.W3CHttpResponseCodec.decode(W3CHttpResponseCodec.java:122)
at org.openqa.selenium.remote.http.W3CHttpResponseCodec.decode(W3CHttpResponseCodec.java:49)
at org.openqa.selenium.remote.HttpCommandExecutor.execute(HttpCommandExecutor.java:158)
at org.openqa.selenium.remote.service.DriverCommandExecutor.execute(DriverCommandExecutor.java:83)
at org.openqa.selenium.remote.RemoteWebDriver.execute(RemoteWebDriver.java:552)
at org.openqa.selenium.remote.RemoteWebDriver.findElements(RemoteWebDriver.java:353)
at org.openqa.selenium.remote.RemoteWebDriver.findElementsByName(RemoteWebDriver.java:408)
at org.openqa.selenium.By$ByName.findElements(By.java:276)
at org.openqa.selenium.remote.RemoteWebDriver.findElements(RemoteWebDriver.java:311)
at org.openqa.selenium.support.ui.ExpectedConditions$8.apply(ExpectedConditions.java:231)
at org.openqa.selenium.support.ui.ExpectedConditions$8.apply(ExpectedConditions.java:228)
at org.openqa.selenium.support.ui.FluentWait.until(FluentWait.java:249)
... 24 more
... Removed 20 stack frames]]>
    </failure>
  </testcase> <!-- @BeforeClass beforeClass -->
  <testcase classname="testcases.com.bankguru.customer.Customer_01_New_Customer" name="TC_01_New_Customer_With_Name_Empty" time="0.0">
    <skipped/>
  </testcase> <!-- TC_01_New_Customer_With_Name_Empty -->
  <testcase classname="testcases.com.bankguru.customer.Customer_01_New_Customer" name="TC_02_New_Customer_With_Name_Number" time="0.0">
    <skipped/>
  </testcase> <!-- TC_02_New_Customer_With_Name_Number -->
  <testcase classname="testcases.com.bankguru.customer.Customer_01_New_Customer" name="TC_03_New_Customer_With_Name_Have_Special_Character" time="0.0">
    <skipped/>
  </testcase> <!-- TC_03_New_Customer_With_Name_Have_Special_Character -->
  <testcase classname="testcases.com.bankguru.customer.Customer_01_New_Customer" name="TC_04_New_Customer_With_Name_Start_As_Blank_Character" time="0.0">
    <skipped/>
  </testcase> <!-- TC_04_New_Customer_With_Name_Start_As_Blank_Character -->
  <testcase classname="testcases.com.bankguru.customer.Customer_01_New_Customer" name="TC_05_New_Customer_With_Address_Empty" time="0.0">
    <skipped/>
  </testcase> <!-- TC_05_New_Customer_With_Address_Empty -->
  <testcase classname="testcases.com.bankguru.customer.Customer_02_Edit_Customer" name="TC_01_Edit_Customer_With_CustomerId_Is_Special_Character" time="0.0">
    <skipped/>
  </testcase> <!-- TC_01_Edit_Customer_With_CustomerId_Is_Special_Character -->
  <testcase classname="testcases.com.bankguru.customer.Customer_02_Edit_Customer" name="TC_02_Edit_Customer_With_CustomerId_Is_Valid" time="0.0">
    <skipped/>
  </testcase> <!-- TC_02_Edit_Customer_With_CustomerId_Is_Valid -->
  <testcase classname="testcases.com.bankguru.customer.Customer_02_Edit_Customer" name="TC_03_Edit_Customer_With_EmailAddress_Is_Blank" time="0.0">
    <skipped/>
  </testcase> <!-- TC_03_Edit_Customer_With_EmailAddress_Is_Blank -->
  <testcase classname="testcases.com.bankguru.customer.Customer_02_Edit_Customer" name="TC_04_Edit_Customer_With_City_Is_Blank" time="0.0">
    <skipped/>
  </testcase> <!-- TC_04_Edit_Customer_With_City_Is_Blank -->
  <testcase classname="testcases.com.bankguru.customer.Customer_02_Edit_Customer" name="TC_05_Edit_Customer_With_City_Have_Number" time="0.0">
    <skipped/>
  </testcase> <!-- TC_05_Edit_Customer_With_City_Have_Number -->
  <testcase classname="testcases.com.bankguru.customer.Customer_02_Edit_Customer" name="TC_06_Edit_Customer_With_State_Is_Blank" time="0.0">
    <skipped/>
  </testcase> <!-- TC_06_Edit_Customer_With_State_Is_Blank -->
  <testcase classname="testcases.com.bankguru.customer.Customer_02_Edit_Customer" name="TC_07_Edit_Customer_With_State_Have_Special_Character" time="0.0">
    <skipped/>
  </testcase> <!-- TC_07_Edit_Customer_With_State_Have_Special_Character -->
  <testcase classname="testcases.com.bankguru.customer.Customer_02_Edit_Customer" name="TC_08_Edit_Customer_With_PIN_Have_Character" time="0.0">
    <skipped/>
  </testcase> <!-- TC_08_Edit_Customer_With_PIN_Have_Character -->
  <testcase classname="testcases.com.bankguru.customer.Customer_02_Edit_Customer" name="TC_09_Edit_Customer_With_PIN_More_Six_Number" time="0.0">
    <skipped/>
  </testcase> <!-- TC_09_Edit_Customer_With_PIN_More_Six_Number -->
  <testcase classname="testcases.com.bankguru.customer.Customer_02_Edit_Customer" name="TC_10_Edit_Customer_With_Mobile_Number_Have_Character" time="0.0">
    <skipped/>
  </testcase> <!-- TC_10_Edit_Customer_With_Mobile_Number_Have_Character -->
  <testcase classname="testcases.com.bankguru.customer.Customer_02_Edit_Customer" name="TC_11_Edit_Customer_With_Email_Address_Is_Invalid" time="0.0">
    <skipped/>
  </testcase> <!-- TC_11_Edit_Customer_With_Email_Address_Is_Invalid -->
  <testcase classname="testcases.com.bankguru.customer.Customer_03_Delete_Customer" name="TC_01_Delete_Customer_With_CustomerID_Is_Empty" time="0.0">
    <skipped/>
  </testcase> <!-- TC_01_Delete_Customer_With_CustomerID_Is_Empty -->
  <testcase classname="testcases.com.bankguru.customer.Customer_03_Delete_Customer" name="TC_02_Delete_Customer_With_CustomerID_Have_Character" time="0.0">
    <skipped/>
  </testcase> <!-- TC_02_Delete_Customer_With_CustomerID_Have_Character -->
  <testcase classname="testcases.com.bankguru.customer.Customer_03_Delete_Customer" name="TC_03_Delete_Customer_With_CustomerID_Have_Special_Character" time="0.0">
    <skipped/>
  </testcase> <!-- TC_03_Delete_Customer_With_CustomerID_Have_Special_Character -->
  <testcase classname="testcases.com.bankguru.customer.Customer_03_Delete_Customer" name="TC_05_Delete_Customer_Successful" time="0.0">
    <skipped/>
  </testcase> <!-- TC_05_Delete_Customer_Successful -->
  <testcase classname="testcases.com.bankguru.account.Account_01_New_Account" name="TC_01_New_Account_With_CustomerId_Is_Special_Character" time="0.0">
    <skipped/>
  </testcase> <!-- TC_01_New_Account_With_CustomerId_Is_Special_Character -->
  <testcase classname="testcases.com.bankguru.account.Account_01_New_Account" name="TC_02_New_Account_With_CustomerId_Have_Special_Character" time="0.0">
    <skipped/>
  </testcase> <!-- TC_02_New_Account_With_CustomerId_Have_Special_Character -->
  <testcase classname="testcases.com.bankguru.account.Account_01_New_Account" name="TC_03_New_Account_With_CustomerId_Have_Character" time="0.0">
    <skipped/>
  </testcase> <!-- TC_03_New_Account_With_CustomerId_Have_Character -->
  <testcase classname="testcases.com.bankguru.account.Account_01_New_Account" name="TC_04_New_Account_With_Initial_Deposit_Have_Character" time="0.0">
    <skipped/>
  </testcase> <!-- TC_04_New_Account_With_Initial_Deposit_Have_Character -->
  <testcase classname="testcases.com.bankguru.account.Account_01_New_Account" name="TC_05_New_Account_With_Initial_Deposit_Have_Special_Character" time="0.0">
    <skipped/>
  </testcase> <!-- TC_05_New_Account_With_Initial_Deposit_Have_Special_Character -->
  <testcase classname="testcases.com.bankguru.account.Account_02_Edit_Account" name="TC_01_Edit_Account_With_Account_Number_Is_Empty" time="0.0">
    <skipped/>
  </testcase> <!-- TC_01_Edit_Account_With_Account_Number_Is_Empty -->
  <testcase classname="testcases.com.bankguru.account.Account_02_Edit_Account" name="TC_02_Edit_Account_With_Account_Number_Have_Character" time="0.0">
    <skipped/>
  </testcase> <!-- TC_02_Edit_Account_With_Account_Number_Have_Character -->
  <testcase classname="testcases.com.bankguru.account.Account_02_Edit_Account" name="TC_03_Edit_Account_With_Account_Number_Have_Special_Character" time="0.0">
    <skipped/>
  </testcase> <!-- TC_03_Edit_Account_With_Account_Number_Have_Special_Character -->
  <testcase classname="testcases.com.bankguru.account.Account_02_Edit_Account" name="TC_03_Edit_Account_With_Account_Number_Have_Special_Space" time="0.0">
    <skipped/>
  </testcase> <!-- TC_03_Edit_Account_With_Account_Number_Have_Special_Space -->
  <testcase classname="testcases.com.bankguru.account.Account_03_Delete_Account" name="TC_01_Delete_Account_With_Account_Number_Is_Empty" time="0.0">
    <skipped/>
  </testcase> <!-- TC_01_Delete_Account_With_Account_Number_Is_Empty -->
  <testcase classname="testcases.com.bankguru.account.Account_03_Delete_Account" name="TC_02_Delete_Account_With_Account_Number_Have_Character" time="0.0">
    <skipped/>
  </testcase> <!-- TC_02_Delete_Account_With_Account_Number_Have_Character -->
  <testcase classname="testcases.com.bankguru.account.Account_03_Delete_Account" name="TC_03_Delete_Account_With_Account_Number_Have_Special_Character" time="0.0">
    <skipped/>
  </testcase> <!-- TC_03_Delete_Account_With_Account_Number_Have_Special_Character -->
  <testcase classname="testcases.com.bankguru.account.Account_03_Delete_Account" name="TC_03_Delete_Account_With_Account_Number_Have_Special_Space" time="0.0">
    <skipped/>
  </testcase> <!-- TC_03_Delete_Account_With_Account_Number_Have_Special_Space -->
  <testcase classname="testcases.com.bankguru.statement.Customised_Statement" name="TC_01_Customised_Statement_With_Account_Number_Is_Empty" time="0.0">
    <skipped/>
  </testcase> <!-- TC_01_Customised_Statement_With_Account_Number_Is_Empty -->
  <testcase classname="testcases.com.bankguru.statement.Customised_Statement" name="TC_02_Customised_Statement_With_Account_Number_Have_Character" time="0.0">
    <skipped/>
  </testcase> <!-- TC_02_Customised_Statement_With_Account_Number_Have_Character -->
  <testcase classname="testcases.com.bankguru.statement.Customised_Statement" name="TC_03_Customised_Statement_With_Account_Number_Have_Special_Character" time="0.0">
    <skipped/>
  </testcase> <!-- TC_03_Customised_Statement_With_Account_Number_Have_Special_Character -->
  <testcase classname="testcases.com.bankguru.statement.Customised_Statement" name="TC_04_Customised_Statement_With_Account_Number_Have_Character_Space" time="0.0">
    <skipped/>
  </testcase> <!-- TC_04_Customised_Statement_With_Account_Number_Have_Character_Space -->
  <testcase classname="testcases.com.bankguru.statement.Customised_Statement" name="TC_05_Customised_Statement_With_Minimum_Transaction_Value_Have_Character" time="0.0">
    <skipped/>
  </testcase> <!-- TC_05_Customised_Statement_With_Minimum_Transaction_Value_Have_Character -->
  <testcase classname="testcases.com.bankguru.statement.Customised_Statement" name="TC_06_Customised_Statement_With_Minimum_Transaction_Value_Have_Special_Character" time="0.0">
    <skipped/>
  </testcase> <!-- TC_06_Customised_Statement_With_Minimum_Transaction_Value_Have_Special_Character -->
  <testcase classname="testcases.com.bankguru.statement.Customised_Statement" name="TC_07_Customised_Statement_With_Minimum_Transaction_Value_Have_Character_Space" time="0.0">
    <skipped/>
  </testcase> <!-- TC_07_Customised_Statement_With_Minimum_Transaction_Value_Have_Character_Space -->
  <testcase classname="testcases.com.bankguru.statement.Customised_Statement" name="TC_08_Customized_Statement_With_Number_Of_Tracsaction_Have_Character" time="0.0">
    <skipped/>
  </testcase> <!-- TC_08_Customized_Statement_With_Number_Of_Tracsaction_Have_Character -->
  <testcase classname="testcases.com.bankguru.statement.Customised_Statement" name="TC_09_Customized_Statement_With_Number_Of_Tracsaction_Have_Special_Character" time="0.0">
    <skipped/>
  </testcase> <!-- TC_09_Customized_Statement_With_Number_Of_Tracsaction_Have_Special_Character -->
  <testcase classname="testcases.com.bankguru.statement.Customised_Statement" name="TC_10_Customized_Statement_With_Number_Of_Tracsaction_Have_Character_Space" time="0.0">
    <skipped/>
  </testcase> <!-- TC_10_Customized_Statement_With_Number_Of_Tracsaction_Have_Character_Space -->
  <testcase classname="testcases.com.bankguru.statement.Mini_Statement" name="TC_01_Mini_Statement_With_Account_Number_Is_Empty" time="0.0">
    <skipped/>
  </testcase> <!-- TC_01_Mini_Statement_With_Account_Number_Is_Empty -->
  <testcase classname="testcases.com.bankguru.statement.Mini_Statement" name="TC_02_Mini_Statement_With_Account_Number_Have_Character" time="0.0">
    <skipped/>
  </testcase> <!-- TC_02_Mini_Statement_With_Account_Number_Have_Character -->
  <testcase classname="testcases.com.bankguru.statement.Mini_Statement" name="TC_03_Mini_Statement_With_Account_Number_Have_Special_Character" time="0.0">
    <skipped/>
  </testcase> <!-- TC_03_Mini_Statement_With_Account_Number_Have_Special_Character -->
  <testcase classname="testcases.com.bankguru.statement.Mini_Statement" name="TC_04_Mini_Statement_With_Account_Number_Have_Special_Space" time="0.0">
    <skipped/>
  </testcase> <!-- TC_04_Mini_Statement_With_Account_Number_Have_Special_Space -->
  <testcase classname="testcases.com.bankguru.Change_Password" name="TC_01_Change_Password_With_Old_Password_Is_Empty" time="0.0">
    <skipped/>
  </testcase> <!-- TC_01_Change_Password_With_Old_Password_Is_Empty -->
  <testcase classname="testcases.com.bankguru.Change_Password" name="TC_02_Change_Password_With_New_Password_Is_Empty" time="0.0">
    <skipped/>
  </testcase> <!-- TC_02_Change_Password_With_New_Password_Is_Empty -->
  <testcase classname="testcases.com.bankguru.Change_Password" name="TC_03_Change_Password_With_New_Password_Have_Not_Number" time="0.0">
    <skipped/>
  </testcase> <!-- TC_03_Change_Password_With_New_Password_Have_Not_Number -->
  <testcase classname="testcases.com.bankguru.Change_Password" name="TC_04_Change_Password_With_New_Password_Have_Not_Special_Character" time="0.0">
    <skipped/>
  </testcase> <!-- TC_04_Change_Password_With_New_Password_Have_Not_Special_Character -->
  <testcase classname="testcases.com.bankguru.Change_Password" name="TC_05_Change_Password_With_New_Password_Have_Password_Terms" time="0.0">
    <skipped/>
  </testcase> <!-- TC_05_Change_Password_With_New_Password_Have_Password_Terms -->
  <testcase classname="testcases.com.bankguru.Change_Password" name="TC_06_Change_Password_With_Confirm_Password_Not_Match_Password" time="0.0">
    <skipped/>
  </testcase> <!-- TC_06_Change_Password_With_Confirm_Password_Not_Match_Password -->
  <testcase classname="commons.BaseTest" name="@BeforeSuite initBeforeSuite" time="0.0">
    <ignored/>
  </testcase> <!-- @BeforeSuite initBeforeSuite -->
  <testcase classname="commons.BaseTest" name="@BeforeSuite initBeforeSuite" time="0.0">
    <ignored/>
  </testcase> <!-- @BeforeSuite initBeforeSuite -->
  <testcase classname="commons.BaseTest" name="@BeforeSuite initBeforeSuite" time="0.0">
    <ignored/>
  </testcase> <!-- @BeforeSuite initBeforeSuite -->
  <testcase classname="commons.BaseTest" name="@BeforeSuite initBeforeSuite" time="0.0">
    <ignored/>
  </testcase> <!-- @BeforeSuite initBeforeSuite -->
  <testcase classname="commons.BaseTest" name="@BeforeSuite initBeforeSuite" time="0.0">
    <ignored/>
  </testcase> <!-- @BeforeSuite initBeforeSuite -->
  <testcase classname="commons.BaseTest" name="@BeforeSuite initBeforeSuite" time="0.0">
    <ignored/>
  </testcase> <!-- @BeforeSuite initBeforeSuite -->
  <testcase classname="commons.BaseTest" name="@BeforeSuite initBeforeSuite" time="0.0">
    <ignored/>
  </testcase> <!-- @BeforeSuite initBeforeSuite -->
  <testcase classname="commons.BaseTest" name="@BeforeSuite initBeforeSuite" time="0.0">
    <ignored/>
  </testcase> <!-- @BeforeSuite initBeforeSuite -->
</testsuite> <!-- Run on chrome  -->
