{"uuid":"b7ce3869-39ef-4f02-80f9-188c8c0e9df9","name":"Run on chrome ","children":["18d64a28-1b24-4ab4-9ac3-f74ddcbdf011","6a27063e-4128-4027-a32b-3a78a72af780","60ba940b-bb31-4e14-8326-c393e197f9d2","b42e67f4-96e8-481a-9372-22d362f24696","5823dc85-9c6b-4b9b-a905-624350feabcc","6b79687f-71f6-4066-bf17-39699bc74340","a4255054-5d90-494f-8566-d58cd13dc607","919d65c7-1275-4ed6-85b5-256741098314","34a22654-688d-406d-9f63-860e61a317be","0a46342c-2abf-49e5-a126-37b29a7a62eb","7b30eb58-4261-46cd-ad9b-d67d9e6535d7","ad66d124-fe88-4c59-8969-a9353c0cace0","61c9aff6-fa40-4302-9c34-d417acb5c3b2","837b6142-d6dc-4a0b-b82e-b81bb6122a01","f919bf40-9034-4cc3-b552-e8cba486dca4","da9f519c-1ce2-4162-ab49-5b017b75df5a","d155548a-cb69-4bbe-88e8-2e7059a260c3","4de11d2d-785f-442a-9419-66d3705739ec","70807a4e-b0a8-4c1d-95e2-24c171e64d78","d6dd9936-77f0-4e54-be05-5199ab5143c0","b51802c9-4927-4504-8a2e-40824f148265","1750c857-acb0-46e5-b510-2350bbaa9229","2de83764-d3b9-44f4-8bc0-cd8120bc1060","dd0cb877-5106-4e9f-a730-dd6fd161538f","858b76a4-816a-41d2-a482-6927e8dd65dc","9902f0a6-a41e-4f33-98a9-53b513ca90c8","e570adf9-03c1-4acb-bdb1-5651c8523bb4","742b94d0-041e-4941-b56f-0c2ffb56fa79","8dd944d4-6913-4745-9bb6-7065121f83a0","af44efae-c133-438b-8fa0-f31ba0211e27","64681ecc-6503-48bc-8fef-03857ae67005","84157347-bc6f-46c0-ac4e-5a530eae9c54","2145aa1f-1e01-4f23-9190-69120c352c4f","d106ffd8-c90d-43ea-b22c-afca7e62441d","1f5839aa-b584-46ea-ae5c-4657ba26f694","976e2cde-17d2-425d-a4ea-9b4460c642bc","0ab707aa-f36f-4689-bba5-a07e78ad6750","e92ce903-0620-475c-9b66-2ec20c51ee9f","2befa923-0f99-4010-aefe-6cc176186e3c","11b8ec25-1f90-40db-984b-fb4ee6dca0c8","649ae884-f080-4031-a270-510b408e72c7","f94d6cc9-b497-4e48-a175-f9d578f889af","96424c31-6d37-4462-9a66-a40bd30ba117","cf9b47cf-3ae2-48d1-83bd-6b526ac9c2a0","cc721502-a50e-4ea1-9508-084ce9d2ac1c","9c8b9ec9-b502-40b7-9820-7a65edf84587","7c044b66-903d-46c3-92ba-1a0ce5b66311","0bb49a9e-6cce-4dd6-93f3-8bcbc40204e1","b2790c69-6526-472d-8b78-47746ed449aa","d13aa621-28f1-41f9-99d6-6d9347aaa93c","9e8f2fb9-78c9-4a3e-8276-661150801b04","1d411c6d-c456-43fe-b74e-6793fc858e84","41e94a74-fa6e-4594-b874-67b239d636a0","a3770ac8-14e6-4391-ac16-8be537ec0a33"],"befores":[{"name":"beforeTest","status":"broken","statusDetails":{"known":false,"muted":false,"flaky":false,"message":"Expected condition failed: waiting for visibility of all elements located by By.name: emailid (tried for 30 second(s) with 500 milliseconds interval)\nBuild info: version: '3.141.59', revision: 'e82be7d358', time: '2018-11-14T08:17:03'\nSystem info: host: 'DESKTOP-C1IFLQ8', ip: '192.168.11.25', os.name: 'Windows 10', os.arch: 'amd64', os.version: '10.0', java.version: '11.0.14'\nDriver info: org.openqa.selenium.remote.RemoteWebDriver\nCapabilities {acceptInsecureCerts: false, browserName: chrome, browserVersion: 94.0.4606.61, chrome: {chromedriverVersion: 94.0.4606.61 (418b78f5838ed..., userDataDir: /tmp/.com.google.Chrome.Ibhy30}, goog:chromeOptions: {debuggerAddress: localhost:33679}, javascriptEnabled: true, networkConnectionEnabled: false, pageLoadStrategy: normal, platform: LINUX, platformName: LINUX, proxy: Proxy(), setWindowRect: true, strictFileInteractability: false, timeouts: {implicit: 0, pageLoad: 300000, script: 30000}, unhandledPromptBehavior: dismiss and notify, webauthn:extension:credBlob: true, webauthn:extension:largeBlob: true, webauthn:virtualAuthenticators: true, webdriver.remote.sessionid: 1735578ed28f541ffc7f573611a...}\nSession ID: 1735578ed28f541ffc7f573611af8704","trace":"org.openqa.selenium.TimeoutException: Expected condition failed: waiting for visibility of all elements located by By.name: emailid (tried for 30 second(s) with 500 milliseconds interval)\nBuild info: version: '3.141.59', revision: 'e82be7d358', time: '2018-11-14T08:17:03'\nSystem info: host: 'DESKTOP-C1IFLQ8', ip: '192.168.11.25', os.name: 'Windows 10', os.arch: 'amd64', os.version: '10.0', java.version: '11.0.14'\nDriver info: org.openqa.selenium.remote.RemoteWebDriver\nCapabilities {acceptInsecureCerts: false, browserName: chrome, browserVersion: 94.0.4606.61, chrome: {chromedriverVersion: 94.0.4606.61 (418b78f5838ed..., userDataDir: /tmp/.com.google.Chrome.Ibhy30}, goog:chromeOptions: {debuggerAddress: localhost:33679}, javascriptEnabled: true, networkConnectionEnabled: false, pageLoadStrategy: normal, platform: LINUX, platformName: LINUX, proxy: Proxy(), setWindowRect: true, strictFileInteractability: false, timeouts: {implicit: 0, pageLoad: 300000, script: 30000}, unhandledPromptBehavior: dismiss and notify, webauthn:extension:credBlob: true, webauthn:extension:largeBlob: true, webauthn:virtualAuthenticators: true, webdriver.remote.sessionid: 1735578ed28f541ffc7f573611a...}\nSession ID: 1735578ed28f541ffc7f573611af8704\r\n\tat org.openqa.selenium.support.ui.WebDriverWait.timeoutException(WebDriverWait.java:95)\r\n\tat org.openqa.selenium.support.ui.FluentWait.until(FluentWait.java:272)\r\n\tat commons.BasePage.waitForElementVisible(BasePage.java:488)\r\n\tat pageObjects.RegisterPageObject.inputToEmailAdressTextbox(RegisterPageObject.java:17)\r\n\tat testcases.com.bankguru.common.Register.beforeTest(Register.java:28)\r\n\tat java.base/jdk.internal.reflect.NativeMethodAccessorImpl.invoke0(Native Method)\r\n\tat java.base/jdk.internal.reflect.NativeMethodAccessorImpl.invoke(NativeMethodAccessorImpl.java:62)\r\n\tat java.base/jdk.internal.reflect.DelegatingMethodAccessorImpl.invoke(DelegatingMethodAccessorImpl.java:43)\r\n\tat java.base/java.lang.reflect.Method.invoke(Method.java:566)\r\n\tat org.testng.internal.MethodInvocationHelper.invokeMethod(MethodInvocationHelper.java:124)\r\n\tat org.testng.internal.MethodInvocationHelper.invokeMethodConsideringTimeout(MethodInvocationHelper.java:59)\r\n\tat org.testng.internal.Invoker.invokeConfigurationMethod(Invoker.java:458)\r\n\tat org.testng.internal.Invoker.invokeConfigurations(Invoker.java:222)\r\n\tat org.testng.internal.Invoker.invokeConfigurations(Invoker.java:142)\r\n\tat org.testng.TestRunner.beforeRun(TestRunner.java:529)\r\n\tat org.testng.TestRunner.run(TestRunner.java:497)\r\n\tat org.testng.SuiteRunner.runTest(SuiteRunner.java:455)\r\n\tat org.testng.SuiteRunner.access$000(SuiteRunner.java:40)\r\n\tat org.testng.SuiteRunner$SuiteWorker.run(SuiteRunner.java:489)\r\n\tat org.testng.internal.thread.ThreadUtil$1.call(ThreadUtil.java:52)\r\n\tat java.base/java.util.concurrent.FutureTask.run(FutureTask.java:264)\r\n\tat java.base/java.util.concurrent.ThreadPoolExecutor.runWorker(ThreadPoolExecutor.java:1128)\r\n\tat java.base/java.util.concurrent.ThreadPoolExecutor$Worker.run(ThreadPoolExecutor.java:628)\r\n\tat java.base/java.lang.Thread.run(Thread.java:834)\r\n"},"stage":"finished","description":"","steps":[{"name":"Open Register Page with URL ","status":"passed","stage":"finished","steps":[],"attachments":[],"parameters":[],"start":1701246456789,"stop":1701246458207},{"name":"Register - Input to Email Address with value is rubye.wyman@hotmail.com ","status":"broken","statusDetails":{"known":false,"muted":false,"flaky":false,"message":"Expected condition failed: waiting for visibility of all elements located by By.name: emailid (tried for 30 second(s) with 500 milliseconds interval)\nBuild info: version: '3.141.59', revision: 'e82be7d358', time: '2018-11-14T08:17:03'\nSystem info: host: 'DESKTOP-C1IFLQ8', ip: '192.168.11.25', os.name: 'Windows 10', os.arch: 'amd64', os.version: '10.0', java.version: '11.0.14'\nDriver info: org.openqa.selenium.remote.RemoteWebDriver\nCapabilities {acceptInsecureCerts: false, browserName: chrome, browserVersion: 94.0.4606.61, chrome: {chromedriverVersion: 94.0.4606.61 (418b78f5838ed..., userDataDir: /tmp/.com.google.Chrome.Ibhy30}, goog:chromeOptions: {debuggerAddress: localhost:33679}, javascriptEnabled: true, networkConnectionEnabled: false, pageLoadStrategy: normal, platform: LINUX, platformName: LINUX, proxy: Proxy(), setWindowRect: true, strictFileInteractability: false, timeouts: {implicit: 0, pageLoad: 300000, script: 30000}, unhandledPromptBehavior: dismiss and notify, webauthn:extension:credBlob: true, webauthn:extension:largeBlob: true, webauthn:virtualAuthenticators: true, webdriver.remote.sessionid: 1735578ed28f541ffc7f573611a...}\nSession ID: 1735578ed28f541ffc7f573611af8704","trace":"org.openqa.selenium.TimeoutException: Expected condition failed: waiting for visibility of all elements located by By.name: emailid (tried for 30 second(s) with 500 milliseconds interval)\nBuild info: version: '3.141.59', revision: 'e82be7d358', time: '2018-11-14T08:17:03'\nSystem info: host: 'DESKTOP-C1IFLQ8', ip: '192.168.11.25', os.name: 'Windows 10', os.arch: 'amd64', os.version: '10.0', java.version: '11.0.14'\nDriver info: org.openqa.selenium.remote.RemoteWebDriver\nCapabilities {acceptInsecureCerts: false, browserName: chrome, browserVersion: 94.0.4606.61, chrome: {chromedriverVersion: 94.0.4606.61 (418b78f5838ed..., userDataDir: /tmp/.com.google.Chrome.Ibhy30}, goog:chromeOptions: {debuggerAddress: localhost:33679}, javascriptEnabled: true, networkConnectionEnabled: false, pageLoadStrategy: normal, platform: LINUX, platformName: LINUX, proxy: Proxy(), setWindowRect: true, strictFileInteractability: false, timeouts: {implicit: 0, pageLoad: 300000, script: 30000}, unhandledPromptBehavior: dismiss and notify, webauthn:extension:credBlob: true, webauthn:extension:largeBlob: true, webauthn:virtualAuthenticators: true, webdriver.remote.sessionid: 1735578ed28f541ffc7f573611a...}\nSession ID: 1735578ed28f541ffc7f573611af8704\r\n\tat org.openqa.selenium.support.ui.WebDriverWait.timeoutException(WebDriverWait.java:95)\r\n\tat org.openqa.selenium.support.ui.FluentWait.until(FluentWait.java:272)\r\n\tat commons.BasePage.waitForElementVisible(BasePage.java:488)\r\n\tat pageObjects.RegisterPageObject.inputToEmailAdressTextbox(RegisterPageObject.java:17)\r\n\tat testcases.com.bankguru.common.Register.beforeTest(Register.java:28)\r\n\tat java.base/jdk.internal.reflect.NativeMethodAccessorImpl.invoke0(Native Method)\r\n\tat java.base/jdk.internal.reflect.NativeMethodAccessorImpl.invoke(NativeMethodAccessorImpl.java:62)\r\n\tat java.base/jdk.internal.reflect.DelegatingMethodAccessorImpl.invoke(DelegatingMethodAccessorImpl.java:43)\r\n\tat java.base/java.lang.reflect.Method.invoke(Method.java:566)\r\n\tat org.testng.internal.MethodInvocationHelper.invokeMethod(MethodInvocationHelper.java:124)\r\n\tat org.testng.internal.MethodInvocationHelper.invokeMethodConsideringTimeout(MethodInvocationHelper.java:59)\r\n\tat org.testng.internal.Invoker.invokeConfigurationMethod(Invoker.java:458)\r\n\tat org.testng.internal.Invoker.invokeConfigurations(Invoker.java:222)\r\n\tat org.testng.internal.Invoker.invokeConfigurations(Invoker.java:142)\r\n\tat org.testng.TestRunner.beforeRun(TestRunner.java:529)\r\n\tat org.testng.TestRunner.run(TestRunner.java:497)\r\n\tat org.testng.SuiteRunner.runTest(SuiteRunner.java:455)\r\n\tat org.testng.SuiteRunner.access$000(SuiteRunner.java:40)\r\n\tat org.testng.SuiteRunner$SuiteWorker.run(SuiteRunner.java:489)\r\n\tat org.testng.internal.thread.ThreadUtil$1.call(ThreadUtil.java:52)\r\n\tat java.base/java.util.concurrent.FutureTask.run(FutureTask.java:264)\r\n\tat java.base/java.util.concurrent.ThreadPoolExecutor.runWorker(ThreadPoolExecutor.java:1128)\r\n\tat java.base/java.util.concurrent.ThreadPoolExecutor$Worker.run(ThreadPoolExecutor.java:628)\r\n\tat java.base/java.lang.Thread.run(Thread.java:834)\r\n"},"stage":"finished","steps":[],"attachments":[],"parameters":[{"name":"emailAdress","value":"rubye.wyman@hotmail.com"}],"start":1701246458287,"stop":1701246488451}],"attachments":[],"parameters":[],"start":1701246400800,"stop":1701246488452}],"afters":[],"start":1701246400781,"stop":1701246488943}