<?xml version="1.0" encoding="UTF-8"?>
<testng-results ignored="17" total="125" passed="99" failed="2" skipped="7">
  <reporter-output>
  </reporter-output>
  <suite started-at="2023-10-05T14:47:57Z" name="BankGuru" finished-at="2023-10-05T14:53:58Z" duration-ms="361490">
    <groups>
      <group name="regressionTest">
        <method signature="Account_01_New_Account.TC_01_New_Account_With_CustomerId_Is_Special_Character()[pri:0, instance:testcases.com.bankguru.account.Account_01_New_Account@7499eac7]" name="TC_01_New_Account_With_CustomerId_Is_Special_Character" class="testcases.com.bankguru.account.Account_01_New_Account"/>
        <method signature="Account_01_New_Account.TC_03_New_Account_With_CustomerId_Have_Character()[pri:2, instance:testcases.com.bankguru.account.Account_01_New_Account@7499eac7]" name="TC_03_New_Account_With_CustomerId_Have_Character" class="testcases.com.bankguru.account.Account_01_New_Account"/>
        <method signature="Account_01_New_Account.TC_01_New_Account_With_CustomerId_Is_Special_Character()[pri:0, instance:testcases.com.bankguru.account.Account_01_New_Account@1084ac45]" name="TC_01_New_Account_With_CustomerId_Is_Special_Character" class="testcases.com.bankguru.account.Account_01_New_Account"/>
        <method signature="Account_01_New_Account.TC_03_New_Account_With_CustomerId_Have_Character()[pri:2, instance:testcases.com.bankguru.account.Account_01_New_Account@1084ac45]" name="TC_03_New_Account_With_CustomerId_Have_Character" class="testcases.com.bankguru.account.Account_01_New_Account"/>
      </group> <!-- regressionTest -->
      <group name="smoke">
        <method signature="Account_01_New_Account.TC_02_New_Account_With_CustomerId_Have_Special_Character()[pri:0, instance:testcases.com.bankguru.account.Account_01_New_Account@7499eac7]" name="TC_02_New_Account_With_CustomerId_Have_Special_Character" class="testcases.com.bankguru.account.Account_01_New_Account"/>
        <method signature="Account_01_New_Account.TC_04_New_Account_With_Initial_Deposit_Have_Character()[pri:0, instance:testcases.com.bankguru.account.Account_01_New_Account@7499eac7]" name="TC_04_New_Account_With_Initial_Deposit_Have_Character" class="testcases.com.bankguru.account.Account_01_New_Account"/>
        <method signature="Account_02_Edit_Account.TC_01_Edit_Account_With_Account_Number_Is_Empty()[pri:0, instance:testcases.com.bankguru.account.Account_02_Edit_Account@5438c17a]" name="TC_01_Edit_Account_With_Account_Number_Is_Empty" class="testcases.com.bankguru.account.Account_02_Edit_Account"/>
        <method signature="Account_01_New_Account.TC_02_New_Account_With_CustomerId_Have_Special_Character()[pri:0, instance:testcases.com.bankguru.account.Account_01_New_Account@1084ac45]" name="TC_02_New_Account_With_CustomerId_Have_Special_Character" class="testcases.com.bankguru.account.Account_01_New_Account"/>
        <method signature="Account_01_New_Account.TC_04_New_Account_With_Initial_Deposit_Have_Character()[pri:0, instance:testcases.com.bankguru.account.Account_01_New_Account@1084ac45]" name="TC_04_New_Account_With_Initial_Deposit_Have_Character" class="testcases.com.bankguru.account.Account_01_New_Account"/>
        <method signature="Account_02_Edit_Account.TC_01_Edit_Account_With_Account_Number_Is_Empty()[pri:0, instance:testcases.com.bankguru.account.Account_02_Edit_Account@566f1852]" name="TC_01_Edit_Account_With_Account_Number_Is_Empty" class="testcases.com.bankguru.account.Account_02_Edit_Account"/>
      </group> <!-- smoke -->
    </groups>
    <test started-at="2023-10-05T14:47:57Z" name="Run on chrome " finished-at="2023-10-05T14:53:29Z" duration-ms="332735">
      <class name="testcases.com.bankguru.Change_Password">
        <test-method is-config="true" signature="beforeClass(java.lang.String, java.lang.String, java.lang.String, java.lang.String, java.lang.String, java.lang.String, java.lang.String)[pri:0, instance:testcases.com.bankguru.Change_Password@3513c84c]" started-at="2023-10-05T14:52:45Z" name="beforeClass" finished-at="2023-10-05T14:53:00Z" duration-ms="15118" status="PASS">
          <params>
            <param index="0">
              <value>
                <![CDATA[local]]>
              </value>
            </param>
            <param index="1">
              <value>
                <![CDATA[dev]]>
              </value>
            </param>
            <param index="2">
              <value>
                <![CDATA[chrome]]>
              </value>
            </param>
            <param index="3">
              <value>
                <![CDATA[Windows]]>
              </value>
            </param>
            <param index="4">
              <value>
                <![CDATA[10]]>
              </value>
            </param>
            <param index="5">
              <value>
                <![CDATA[localhost]]>
              </value>
            </param>
            <param index="6">
              <value>
                <![CDATA[4444]]>
              </value>
            </param>
          </params>
          <reporter-output>
          </reporter-output>
        </test-method> <!-- beforeClass -->
        <test-method signature="TC_01_Change_Password_With_Old_Password_Is_Empty()[pri:0, instance:testcases.com.bankguru.Change_Password@3513c84c]" started-at="2023-10-05T14:53:00Z" name="TC_01_Change_Password_With_Old_Password_Is_Empty" finished-at="2023-10-05T14:53:04Z" duration-ms="3194" status="PASS">
          <reporter-output>
          </reporter-output>
        </test-method> <!-- TC_01_Change_Password_With_Old_Password_Is_Empty -->
        <test-method signature="TC_02_Change_Password_With_New_Password_Is_Empty()[pri:0, instance:testcases.com.bankguru.Change_Password@3513c84c]" started-at="2023-10-05T14:53:04Z" name="TC_02_Change_Password_With_New_Password_Is_Empty" finished-at="2023-10-05T14:53:09Z" duration-ms="5230" status="PASS">
          <reporter-output>
          </reporter-output>
        </test-method> <!-- TC_02_Change_Password_With_New_Password_Is_Empty -->
        <test-method signature="TC_03_Change_Password_With_New_Password_Have_Not_Number()[pri:0, instance:testcases.com.bankguru.Change_Password@3513c84c]" started-at="2023-10-05T14:53:09Z" name="TC_03_Change_Password_With_New_Password_Have_Not_Number" finished-at="2023-10-05T14:53:14Z" duration-ms="5212" status="PASS">
          <reporter-output>
          </reporter-output>
        </test-method> <!-- TC_03_Change_Password_With_New_Password_Have_Not_Number -->
        <test-method signature="TC_04_Change_Password_With_New_Password_Have_Not_Special_Character()[pri:0, instance:testcases.com.bankguru.Change_Password@3513c84c]" started-at="2023-10-05T14:53:14Z" name="TC_04_Change_Password_With_New_Password_Have_Not_Special_Character" finished-at="2023-10-05T14:53:19Z" duration-ms="5224" status="PASS">
          <reporter-output>
          </reporter-output>
        </test-method> <!-- TC_04_Change_Password_With_New_Password_Have_Not_Special_Character -->
        <test-method signature="TC_05_Change_Password_With_New_Password_Have_Password_Terms()[pri:0, instance:testcases.com.bankguru.Change_Password@3513c84c]" started-at="2023-10-05T14:53:19Z" name="TC_05_Change_Password_With_New_Password_Have_Password_Terms" finished-at="2023-10-05T14:53:23Z" duration-ms="4089" status="PASS">
          <reporter-output>
          </reporter-output>
        </test-method> <!-- TC_05_Change_Password_With_New_Password_Have_Password_Terms -->
        <test-method signature="TC_06_Change_Password_With_Confirm_Password_Not_Match_Password()[pri:0, instance:testcases.com.bankguru.Change_Password@3513c84c]" started-at="2023-10-05T14:53:23Z" name="TC_06_Change_Password_With_Confirm_Password_Not_Match_Password" finished-at="2023-10-05T14:53:25Z" duration-ms="2166" status="PASS">
          <reporter-output>
          </reporter-output>
        </test-method> <!-- TC_06_Change_Password_With_Confirm_Password_Not_Match_Password -->
        <test-method is-config="true" signature="afterClass()[pri:0, instance:testcases.com.bankguru.Change_Password@3513c84c]" started-at="2023-10-05T14:53:25Z" name="afterClass" finished-at="2023-10-05T14:53:28Z" duration-ms="2603" status="PASS">
          <reporter-output>
          </reporter-output>
        </test-method> <!-- afterClass -->
      </class> <!-- testcases.com.bankguru.Change_Password -->
      <class name="testcases.com.bankguru.account.Account_02_Edit_Account">
        <test-method is-config="true" signature="beforeClass(java.lang.String, java.lang.String, java.lang.String, java.lang.String, java.lang.String, java.lang.String, java.lang.String)[pri:0, instance:testcases.com.bankguru.account.Account_02_Edit_Account@566f1852]" started-at="2023-10-05T14:50:08Z" name="beforeClass" finished-at="2023-10-05T14:50:25Z" duration-ms="16773" status="PASS">
          <params>
            <param index="0">
              <value>
                <![CDATA[local]]>
              </value>
            </param>
            <param index="1">
              <value>
                <![CDATA[dev]]>
              </value>
            </param>
            <param index="2">
              <value>
                <![CDATA[chrome]]>
              </value>
            </param>
            <param index="3">
              <value>
                <![CDATA[Windows]]>
              </value>
            </param>
            <param index="4">
              <value>
                <![CDATA[10]]>
              </value>
            </param>
            <param index="5">
              <value>
                <![CDATA[localhost]]>
              </value>
            </param>
            <param index="6">
              <value>
                <![CDATA[4444]]>
              </value>
            </param>
          </params>
          <reporter-output>
          </reporter-output>
        </test-method> <!-- beforeClass -->
        <test-method signature="TC_01_Edit_Account_With_Account_Number_Is_Empty()[pri:0, instance:testcases.com.bankguru.account.Account_02_Edit_Account@566f1852]" started-at="2023-10-05T14:50:25Z" name="TC_01_Edit_Account_With_Account_Number_Is_Empty" finished-at="2023-10-05T14:50:29Z" duration-ms="3628" status="PASS">
          <reporter-output>
          </reporter-output>
        </test-method> <!-- TC_01_Edit_Account_With_Account_Number_Is_Empty -->
        <test-method signature="TC_02_Edit_Account_With_Account_Number_Have_Character()[pri:0, instance:testcases.com.bankguru.account.Account_02_Edit_Account@566f1852]" started-at="2023-10-05T14:50:29Z" name="TC_02_Edit_Account_With_Account_Number_Have_Character" finished-at="2023-10-05T14:50:34Z" duration-ms="5242" status="PASS">
          <reporter-output>
          </reporter-output>
        </test-method> <!-- TC_02_Edit_Account_With_Account_Number_Have_Character -->
        <test-method signature="TC_03_Edit_Account_With_Account_Number_Have_Special_Character()[pri:0, instance:testcases.com.bankguru.account.Account_02_Edit_Account@566f1852]" started-at="2023-10-05T14:50:34Z" name="TC_03_Edit_Account_With_Account_Number_Have_Special_Character" finished-at="2023-10-05T14:50:39Z" duration-ms="5226" status="PASS">
          <reporter-output>
          </reporter-output>
        </test-method> <!-- TC_03_Edit_Account_With_Account_Number_Have_Special_Character -->
        <test-method signature="TC_03_Edit_Account_With_Account_Number_Have_Special_Space()[pri:0, instance:testcases.com.bankguru.account.Account_02_Edit_Account@566f1852]" started-at="2023-10-05T14:50:39Z" name="TC_03_Edit_Account_With_Account_Number_Have_Special_Space" finished-at="2023-10-05T14:50:44Z" duration-ms="5243" status="PASS">
          <reporter-output>
          </reporter-output>
        </test-method> <!-- TC_03_Edit_Account_With_Account_Number_Have_Special_Space -->
        <test-method is-config="true" signature="afterClass()[pri:0, instance:testcases.com.bankguru.account.Account_02_Edit_Account@566f1852]" started-at="2023-10-05T14:50:44Z" name="afterClass" finished-at="2023-10-05T14:50:45Z" duration-ms="733" status="PASS">
          <reporter-output>
          </reporter-output>
        </test-method> <!-- afterClass -->
      </class> <!-- testcases.com.bankguru.account.Account_02_Edit_Account -->
      <class name="testcases.com.bankguru.account.Account_03_Delete_Account">
        <test-method is-config="true" signature="beforeClass(java.lang.String, java.lang.String, java.lang.String, java.lang.String, java.lang.String, java.lang.String, java.lang.String)[pri:0, instance:testcases.com.bankguru.account.Account_03_Delete_Account@6ea246af]" started-at="2023-10-05T14:50:45Z" name="beforeClass" finished-at="2023-10-05T14:51:03Z" duration-ms="18082" status="PASS">
          <params>
            <param index="0">
              <value>
                <![CDATA[local]]>
              </value>
            </param>
            <param index="1">
              <value>
                <![CDATA[dev]]>
              </value>
            </param>
            <param index="2">
              <value>
                <![CDATA[chrome]]>
              </value>
            </param>
            <param index="3">
              <value>
                <![CDATA[Windows]]>
              </value>
            </param>
            <param index="4">
              <value>
                <![CDATA[10]]>
              </value>
            </param>
            <param index="5">
              <value>
                <![CDATA[localhost]]>
              </value>
            </param>
            <param index="6">
              <value>
                <![CDATA[4444]]>
              </value>
            </param>
          </params>
          <reporter-output>
          </reporter-output>
        </test-method> <!-- beforeClass -->
        <test-method signature="TC_01_Delete_Account_With_Account_Number_Is_Empty()[pri:0, instance:testcases.com.bankguru.account.Account_03_Delete_Account@6ea246af]" started-at="2023-10-05T14:51:03Z" name="TC_01_Delete_Account_With_Account_Number_Is_Empty" finished-at="2023-10-05T14:51:10Z" duration-ms="6664" status="PASS">
          <reporter-output>
          </reporter-output>
        </test-method> <!-- TC_01_Delete_Account_With_Account_Number_Is_Empty -->
        <test-method signature="TC_02_Delete_Account_With_Account_Number_Have_Character()[pri:0, instance:testcases.com.bankguru.account.Account_03_Delete_Account@6ea246af]" started-at="2023-10-05T14:51:10Z" name="TC_02_Delete_Account_With_Account_Number_Have_Character" finished-at="2023-10-05T14:51:15Z" duration-ms="5242" status="PASS">
          <reporter-output>
          </reporter-output>
        </test-method> <!-- TC_02_Delete_Account_With_Account_Number_Have_Character -->
        <test-method signature="TC_03_Delete_Account_With_Account_Number_Have_Special_Character()[pri:0, instance:testcases.com.bankguru.account.Account_03_Delete_Account@6ea246af]" started-at="2023-10-05T14:51:15Z" name="TC_03_Delete_Account_With_Account_Number_Have_Special_Character" finished-at="2023-10-05T14:51:20Z" duration-ms="5233" status="PASS">
          <reporter-output>
          </reporter-output>
        </test-method> <!-- TC_03_Delete_Account_With_Account_Number_Have_Special_Character -->
        <test-method signature="TC_03_Delete_Account_With_Account_Number_Have_Special_Space()[pri:0, instance:testcases.com.bankguru.account.Account_03_Delete_Account@6ea246af]" started-at="2023-10-05T14:51:20Z" name="TC_03_Delete_Account_With_Account_Number_Have_Special_Space" finished-at="2023-10-05T14:51:26Z" duration-ms="5408" status="PASS">
          <reporter-output>
          </reporter-output>
        </test-method> <!-- TC_03_Delete_Account_With_Account_Number_Have_Special_Space -->
        <test-method is-config="true" signature="afterClass()[pri:0, instance:testcases.com.bankguru.account.Account_03_Delete_Account@6ea246af]" started-at="2023-10-05T14:51:26Z" name="afterClass" finished-at="2023-10-05T14:51:27Z" duration-ms="804" status="PASS">
          <reporter-output>
          </reporter-output>
        </test-method> <!-- afterClass -->
      </class> <!-- testcases.com.bankguru.account.Account_03_Delete_Account -->
      <class name="testcases.com.bankguru.customer.Customer_01_New_Customer">
        <test-method is-config="true" signature="initBeforeSuite()[pri:0, instance:testcases.com.bankguru.customer.Customer_01_New_Customer@6975fb1c]" started-at="2023-10-05T14:47:56Z" name="initBeforeSuite" finished-at="2023-10-05T14:47:56Z" duration-ms="68" status="PASS">
          <reporter-output>
          </reporter-output>
        </test-method> <!-- initBeforeSuite -->
        <test-method is-config="true" signature="beforeClass(java.lang.String, java.lang.String, java.lang.String, java.lang.String, java.lang.String, java.lang.String, java.lang.String)[pri:0, instance:testcases.com.bankguru.customer.Customer_01_New_Customer@6975fb1c]" started-at="2023-10-05T14:47:57Z" name="beforeClass" finished-at="2023-10-05T14:48:16Z" duration-ms="19820" status="FAIL">
          <params>
            <param index="0">
              <value>
                <![CDATA[local]]>
              </value>
            </param>
            <param index="1">
              <value>
                <![CDATA[dev]]>
              </value>
            </param>
            <param index="2">
              <value>
                <![CDATA[chrome]]>
              </value>
            </param>
            <param index="3">
              <value>
                <![CDATA[Windows]]>
              </value>
            </param>
            <param index="4">
              <value>
                <![CDATA[10]]>
              </value>
            </param>
            <param index="5">
              <value>
                <![CDATA[localhost]]>
              </value>
            </param>
            <param index="6">
              <value>
                <![CDATA[4444]]>
              </value>
            </param>
          </params>
          <exception class="java.lang.IllegalArgumentException">
            <message>
              <![CDATA[Keys to send should be a not null CharSequence]]>
            </message>
            <full-stacktrace>
              <![CDATA[java.lang.IllegalArgumentException: Keys to send should be a not null CharSequence
at org.openqa.selenium.remote.RemoteWebElement.sendKeys(RemoteWebElement.java:97)
at commons.BasePage.sendkeyToElement(BasePage.java:179)
at pageObjects.LoginPageObject.inputToUserIDTextbox(LoginPageObject.java:23)
at testcases.com.bankguru.customer.Customer_01_New_Customer.beforeClass(Customer_01_New_Customer.java:42)
at java.base/jdk.internal.reflect.NativeMethodAccessorImpl.invoke0(Native Method)
at java.base/jdk.internal.reflect.NativeMethodAccessorImpl.invoke(NativeMethodAccessorImpl.java:62)
at java.base/jdk.internal.reflect.DelegatingMethodAccessorImpl.invoke(DelegatingMethodAccessorImpl.java:43)
at java.base/java.lang.reflect.Method.invoke(Method.java:566)
at org.testng.internal.MethodInvocationHelper.invokeMethod(MethodInvocationHelper.java:124)
at org.testng.internal.MethodInvocationHelper.invokeMethodConsideringTimeout(MethodInvocationHelper.java:59)
at org.testng.internal.Invoker.invokeConfigurationMethod(Invoker.java:458)
at org.testng.internal.Invoker.invokeConfigurations(Invoker.java:222)
at org.testng.internal.Invoker.invokeConfigurations(Invoker.java:142)
at org.testng.internal.TestMethodWorker.invokeBeforeClassMethods(TestMethodWorker.java:168)
at org.testng.internal.TestMethodWorker.run(TestMethodWorker.java:105)
at org.testng.TestRunner.privateRun(TestRunner.java:648)
at org.testng.TestRunner.run(TestRunner.java:505)
at org.testng.SuiteRunner.runTest(SuiteRunner.java:455)
at org.testng.SuiteRunner.access$000(SuiteRunner.java:40)
at org.testng.SuiteRunner$SuiteWorker.run(SuiteRunner.java:489)
at org.testng.internal.thread.ThreadUtil$1.call(ThreadUtil.java:52)
at java.base/java.util.concurrent.FutureTask.run(FutureTask.java:264)
at java.base/java.util.concurrent.ThreadPoolExecutor.runWorker(ThreadPoolExecutor.java:1128)
at java.base/java.util.concurrent.ThreadPoolExecutor$Worker.run(ThreadPoolExecutor.java:628)
at java.base/java.lang.Thread.run(Thread.java:834)
]]>
            </full-stacktrace>
          </exception> <!-- java.lang.IllegalArgumentException -->
          <reporter-output>
          </reporter-output>
        </test-method> <!-- beforeClass -->
        <test-method signature="TC_01_New_Customer_With_Name_Empty()[pri:0, instance:testcases.com.bankguru.customer.Customer_01_New_Customer@6975fb1c]" started-at="2023-10-05T14:48:17Z" name="TC_01_New_Customer_With_Name_Empty" finished-at="2023-10-05T14:48:17Z" duration-ms="0" status="SKIP">
          <exception class="java.lang.IllegalArgumentException">
            <message>
              <![CDATA[Keys to send should be a not null CharSequence]]>
            </message>
            <full-stacktrace>
              <![CDATA[java.lang.IllegalArgumentException: Keys to send should be a not null CharSequence
at org.openqa.selenium.remote.RemoteWebElement.sendKeys(RemoteWebElement.java:97)
at commons.BasePage.sendkeyToElement(BasePage.java:179)
at pageObjects.LoginPageObject.inputToUserIDTextbox(LoginPageObject.java:23)
at testcases.com.bankguru.customer.Customer_01_New_Customer.beforeClass(Customer_01_New_Customer.java:42)
at java.base/jdk.internal.reflect.NativeMethodAccessorImpl.invoke0(Native Method)
at java.base/jdk.internal.reflect.NativeMethodAccessorImpl.invoke(NativeMethodAccessorImpl.java:62)
at java.base/jdk.internal.reflect.DelegatingMethodAccessorImpl.invoke(DelegatingMethodAccessorImpl.java:43)
at java.base/java.lang.reflect.Method.invoke(Method.java:566)
at org.testng.internal.MethodInvocationHelper.invokeMethod(MethodInvocationHelper.java:124)
at org.testng.internal.MethodInvocationHelper.invokeMethodConsideringTimeout(MethodInvocationHelper.java:59)
at org.testng.internal.Invoker.invokeConfigurationMethod(Invoker.java:458)
at org.testng.internal.Invoker.invokeConfigurations(Invoker.java:222)
at org.testng.internal.Invoker.invokeConfigurations(Invoker.java:142)
at org.testng.internal.TestMethodWorker.invokeBeforeClassMethods(TestMethodWorker.java:168)
at org.testng.internal.TestMethodWorker.run(TestMethodWorker.java:105)
at org.testng.TestRunner.privateRun(TestRunner.java:648)
at org.testng.TestRunner.run(TestRunner.java:505)
at org.testng.SuiteRunner.runTest(SuiteRunner.java:455)
at org.testng.SuiteRunner.access$000(SuiteRunner.java:40)
at org.testng.SuiteRunner$SuiteWorker.run(SuiteRunner.java:489)
at org.testng.internal.thread.ThreadUtil$1.call(ThreadUtil.java:52)
at java.base/java.util.concurrent.FutureTask.run(FutureTask.java:264)
at java.base/java.util.concurrent.ThreadPoolExecutor.runWorker(ThreadPoolExecutor.java:1128)
at java.base/java.util.concurrent.ThreadPoolExecutor$Worker.run(ThreadPoolExecutor.java:628)
at java.base/java.lang.Thread.run(Thread.java:834)
]]>
            </full-stacktrace>
          </exception> <!-- java.lang.IllegalArgumentException -->
          <reporter-output>
          </reporter-output>
        </test-method> <!-- TC_01_New_Customer_With_Name_Empty -->
        <test-method signature="TC_02_New_Customer_With_Name_Number()[pri:0, instance:testcases.com.bankguru.customer.Customer_01_New_Customer@6975fb1c]" started-at="2023-10-05T14:48:17Z" name="TC_02_New_Customer_With_Name_Number" finished-at="2023-10-05T14:48:17Z" duration-ms="0" status="SKIP">
          <exception class="java.lang.IllegalArgumentException">
            <message>
              <![CDATA[Keys to send should be a not null CharSequence]]>
            </message>
            <full-stacktrace>
              <![CDATA[java.lang.IllegalArgumentException: Keys to send should be a not null CharSequence
at org.openqa.selenium.remote.RemoteWebElement.sendKeys(RemoteWebElement.java:97)
at commons.BasePage.sendkeyToElement(BasePage.java:179)
at pageObjects.LoginPageObject.inputToUserIDTextbox(LoginPageObject.java:23)
at testcases.com.bankguru.customer.Customer_01_New_Customer.beforeClass(Customer_01_New_Customer.java:42)
at java.base/jdk.internal.reflect.NativeMethodAccessorImpl.invoke0(Native Method)
at java.base/jdk.internal.reflect.NativeMethodAccessorImpl.invoke(NativeMethodAccessorImpl.java:62)
at java.base/jdk.internal.reflect.DelegatingMethodAccessorImpl.invoke(DelegatingMethodAccessorImpl.java:43)
at java.base/java.lang.reflect.Method.invoke(Method.java:566)
at org.testng.internal.MethodInvocationHelper.invokeMethod(MethodInvocationHelper.java:124)
at org.testng.internal.MethodInvocationHelper.invokeMethodConsideringTimeout(MethodInvocationHelper.java:59)
at org.testng.internal.Invoker.invokeConfigurationMethod(Invoker.java:458)
at org.testng.internal.Invoker.invokeConfigurations(Invoker.java:222)
at org.testng.internal.Invoker.invokeConfigurations(Invoker.java:142)
at org.testng.internal.TestMethodWorker.invokeBeforeClassMethods(TestMethodWorker.java:168)
at org.testng.internal.TestMethodWorker.run(TestMethodWorker.java:105)
at org.testng.TestRunner.privateRun(TestRunner.java:648)
at org.testng.TestRunner.run(TestRunner.java:505)
at org.testng.SuiteRunner.runTest(SuiteRunner.java:455)
at org.testng.SuiteRunner.access$000(SuiteRunner.java:40)
at org.testng.SuiteRunner$SuiteWorker.run(SuiteRunner.java:489)
at org.testng.internal.thread.ThreadUtil$1.call(ThreadUtil.java:52)
at java.base/java.util.concurrent.FutureTask.run(FutureTask.java:264)
at java.base/java.util.concurrent.ThreadPoolExecutor.runWorker(ThreadPoolExecutor.java:1128)
at java.base/java.util.concurrent.ThreadPoolExecutor$Worker.run(ThreadPoolExecutor.java:628)
at java.base/java.lang.Thread.run(Thread.java:834)
]]>
            </full-stacktrace>
          </exception> <!-- java.lang.IllegalArgumentException -->
          <reporter-output>
          </reporter-output>
        </test-method> <!-- TC_02_New_Customer_With_Name_Number -->
        <test-method signature="TC_03_New_Customer_With_Name_Have_Special_Character()[pri:0, instance:testcases.com.bankguru.customer.Customer_01_New_Customer@6975fb1c]" started-at="2023-10-05T14:48:17Z" name="TC_03_New_Customer_With_Name_Have_Special_Character" finished-at="2023-10-05T14:48:17Z" duration-ms="0" status="SKIP">
          <exception class="java.lang.IllegalArgumentException">
            <message>
              <![CDATA[Keys to send should be a not null CharSequence]]>
            </message>
            <full-stacktrace>
              <![CDATA[java.lang.IllegalArgumentException: Keys to send should be a not null CharSequence
at org.openqa.selenium.remote.RemoteWebElement.sendKeys(RemoteWebElement.java:97)
at commons.BasePage.sendkeyToElement(BasePage.java:179)
at pageObjects.LoginPageObject.inputToUserIDTextbox(LoginPageObject.java:23)
at testcases.com.bankguru.customer.Customer_01_New_Customer.beforeClass(Customer_01_New_Customer.java:42)
at java.base/jdk.internal.reflect.NativeMethodAccessorImpl.invoke0(Native Method)
at java.base/jdk.internal.reflect.NativeMethodAccessorImpl.invoke(NativeMethodAccessorImpl.java:62)
at java.base/jdk.internal.reflect.DelegatingMethodAccessorImpl.invoke(DelegatingMethodAccessorImpl.java:43)
at java.base/java.lang.reflect.Method.invoke(Method.java:566)
at org.testng.internal.MethodInvocationHelper.invokeMethod(MethodInvocationHelper.java:124)
at org.testng.internal.MethodInvocationHelper.invokeMethodConsideringTimeout(MethodInvocationHelper.java:59)
at org.testng.internal.Invoker.invokeConfigurationMethod(Invoker.java:458)
at org.testng.internal.Invoker.invokeConfigurations(Invoker.java:222)
at org.testng.internal.Invoker.invokeConfigurations(Invoker.java:142)
at org.testng.internal.TestMethodWorker.invokeBeforeClassMethods(TestMethodWorker.java:168)
at org.testng.internal.TestMethodWorker.run(TestMethodWorker.java:105)
at org.testng.TestRunner.privateRun(TestRunner.java:648)
at org.testng.TestRunner.run(TestRunner.java:505)
at org.testng.SuiteRunner.runTest(SuiteRunner.java:455)
at org.testng.SuiteRunner.access$000(SuiteRunner.java:40)
at org.testng.SuiteRunner$SuiteWorker.run(SuiteRunner.java:489)
at org.testng.internal.thread.ThreadUtil$1.call(ThreadUtil.java:52)
at java.base/java.util.concurrent.FutureTask.run(FutureTask.java:264)
at java.base/java.util.concurrent.ThreadPoolExecutor.runWorker(ThreadPoolExecutor.java:1128)
at java.base/java.util.concurrent.ThreadPoolExecutor$Worker.run(ThreadPoolExecutor.java:628)
at java.base/java.lang.Thread.run(Thread.java:834)
]]>
            </full-stacktrace>
          </exception> <!-- java.lang.IllegalArgumentException -->
          <reporter-output>
          </reporter-output>
        </test-method> <!-- TC_03_New_Customer_With_Name_Have_Special_Character -->
        <test-method signature="TC_04_New_Customer_With_Name_Start_As_Blank_Character()[pri:0, instance:testcases.com.bankguru.customer.Customer_01_New_Customer@6975fb1c]" started-at="2023-10-05T14:48:17Z" name="TC_04_New_Customer_With_Name_Start_As_Blank_Character" finished-at="2023-10-05T14:48:17Z" duration-ms="0" status="SKIP">
          <exception class="java.lang.IllegalArgumentException">
            <message>
              <![CDATA[Keys to send should be a not null CharSequence]]>
            </message>
            <full-stacktrace>
              <![CDATA[java.lang.IllegalArgumentException: Keys to send should be a not null CharSequence
at org.openqa.selenium.remote.RemoteWebElement.sendKeys(RemoteWebElement.java:97)
at commons.BasePage.sendkeyToElement(BasePage.java:179)
at pageObjects.LoginPageObject.inputToUserIDTextbox(LoginPageObject.java:23)
at testcases.com.bankguru.customer.Customer_01_New_Customer.beforeClass(Customer_01_New_Customer.java:42)
at java.base/jdk.internal.reflect.NativeMethodAccessorImpl.invoke0(Native Method)
at java.base/jdk.internal.reflect.NativeMethodAccessorImpl.invoke(NativeMethodAccessorImpl.java:62)
at java.base/jdk.internal.reflect.DelegatingMethodAccessorImpl.invoke(DelegatingMethodAccessorImpl.java:43)
at java.base/java.lang.reflect.Method.invoke(Method.java:566)
at org.testng.internal.MethodInvocationHelper.invokeMethod(MethodInvocationHelper.java:124)
at org.testng.internal.MethodInvocationHelper.invokeMethodConsideringTimeout(MethodInvocationHelper.java:59)
at org.testng.internal.Invoker.invokeConfigurationMethod(Invoker.java:458)
at org.testng.internal.Invoker.invokeConfigurations(Invoker.java:222)
at org.testng.internal.Invoker.invokeConfigurations(Invoker.java:142)
at org.testng.internal.TestMethodWorker.invokeBeforeClassMethods(TestMethodWorker.java:168)
at org.testng.internal.TestMethodWorker.run(TestMethodWorker.java:105)
at org.testng.TestRunner.privateRun(TestRunner.java:648)
at org.testng.TestRunner.run(TestRunner.java:505)
at org.testng.SuiteRunner.runTest(SuiteRunner.java:455)
at org.testng.SuiteRunner.access$000(SuiteRunner.java:40)
at org.testng.SuiteRunner$SuiteWorker.run(SuiteRunner.java:489)
at org.testng.internal.thread.ThreadUtil$1.call(ThreadUtil.java:52)
at java.base/java.util.concurrent.FutureTask.run(FutureTask.java:264)
at java.base/java.util.concurrent.ThreadPoolExecutor.runWorker(ThreadPoolExecutor.java:1128)
at java.base/java.util.concurrent.ThreadPoolExecutor$Worker.run(ThreadPoolExecutor.java:628)
at java.base/java.lang.Thread.run(Thread.java:834)
]]>
            </full-stacktrace>
          </exception> <!-- java.lang.IllegalArgumentException -->
          <reporter-output>
          </reporter-output>
        </test-method> <!-- TC_04_New_Customer_With_Name_Start_As_Blank_Character -->
        <test-method signature="TC_05_New_Customer_With_Address_Empty()[pri:0, instance:testcases.com.bankguru.customer.Customer_01_New_Customer@6975fb1c]" started-at="2023-10-05T14:48:17Z" name="TC_05_New_Customer_With_Address_Empty" finished-at="2023-10-05T14:48:17Z" duration-ms="0" status="SKIP">
          <exception class="java.lang.IllegalArgumentException">
            <message>
              <![CDATA[Keys to send should be a not null CharSequence]]>
            </message>
            <full-stacktrace>
              <![CDATA[java.lang.IllegalArgumentException: Keys to send should be a not null CharSequence
at org.openqa.selenium.remote.RemoteWebElement.sendKeys(RemoteWebElement.java:97)
at commons.BasePage.sendkeyToElement(BasePage.java:179)
at pageObjects.LoginPageObject.inputToUserIDTextbox(LoginPageObject.java:23)
at testcases.com.bankguru.customer.Customer_01_New_Customer.beforeClass(Customer_01_New_Customer.java:42)
at java.base/jdk.internal.reflect.NativeMethodAccessorImpl.invoke0(Native Method)
at java.base/jdk.internal.reflect.NativeMethodAccessorImpl.invoke(NativeMethodAccessorImpl.java:62)
at java.base/jdk.internal.reflect.DelegatingMethodAccessorImpl.invoke(DelegatingMethodAccessorImpl.java:43)
at java.base/java.lang.reflect.Method.invoke(Method.java:566)
at org.testng.internal.MethodInvocationHelper.invokeMethod(MethodInvocationHelper.java:124)
at org.testng.internal.MethodInvocationHelper.invokeMethodConsideringTimeout(MethodInvocationHelper.java:59)
at org.testng.internal.Invoker.invokeConfigurationMethod(Invoker.java:458)
at org.testng.internal.Invoker.invokeConfigurations(Invoker.java:222)
at org.testng.internal.Invoker.invokeConfigurations(Invoker.java:142)
at org.testng.internal.TestMethodWorker.invokeBeforeClassMethods(TestMethodWorker.java:168)
at org.testng.internal.TestMethodWorker.run(TestMethodWorker.java:105)
at org.testng.TestRunner.privateRun(TestRunner.java:648)
at org.testng.TestRunner.run(TestRunner.java:505)
at org.testng.SuiteRunner.runTest(SuiteRunner.java:455)
at org.testng.SuiteRunner.access$000(SuiteRunner.java:40)
at org.testng.SuiteRunner$SuiteWorker.run(SuiteRunner.java:489)
at org.testng.internal.thread.ThreadUtil$1.call(ThreadUtil.java:52)
at java.base/java.util.concurrent.FutureTask.run(FutureTask.java:264)
at java.base/java.util.concurrent.ThreadPoolExecutor.runWorker(ThreadPoolExecutor.java:1128)
at java.base/java.util.concurrent.ThreadPoolExecutor$Worker.run(ThreadPoolExecutor.java:628)
at java.base/java.lang.Thread.run(Thread.java:834)
]]>
            </full-stacktrace>
          </exception> <!-- java.lang.IllegalArgumentException -->
          <reporter-output>
          </reporter-output>
        </test-method> <!-- TC_05_New_Customer_With_Address_Empty -->
        <test-method is-config="true" signature="afterClass()[pri:0, instance:testcases.com.bankguru.customer.Customer_01_New_Customer@6975fb1c]" started-at="2023-10-05T14:48:17Z" name="afterClass" finished-at="2023-10-05T14:48:17Z" duration-ms="770" status="PASS">
          <reporter-output>
          </reporter-output>
        </test-method> <!-- afterClass -->
      </class> <!-- testcases.com.bankguru.customer.Customer_01_New_Customer -->
      <class name="testcases.com.bankguru.statement.Mini_Statement">
        <test-method is-config="true" signature="beforeClass(java.lang.String, java.lang.String, java.lang.String, java.lang.String, java.lang.String, java.lang.String, java.lang.String)[pri:0, instance:testcases.com.bankguru.statement.Mini_Statement@1b90fee4]" started-at="2023-10-05T14:52:11Z" name="beforeClass" finished-at="2023-10-05T14:52:25Z" duration-ms="14500" status="PASS">
          <params>
            <param index="0">
              <value>
                <![CDATA[local]]>
              </value>
            </param>
            <param index="1">
              <value>
                <![CDATA[dev]]>
              </value>
            </param>
            <param index="2">
              <value>
                <![CDATA[chrome]]>
              </value>
            </param>
            <param index="3">
              <value>
                <![CDATA[Windows]]>
              </value>
            </param>
            <param index="4">
              <value>
                <![CDATA[10]]>
              </value>
            </param>
            <param index="5">
              <value>
                <![CDATA[localhost]]>
              </value>
            </param>
            <param index="6">
              <value>
                <![CDATA[4444]]>
              </value>
            </param>
          </params>
          <reporter-output>
          </reporter-output>
        </test-method> <!-- beforeClass -->
        <test-method signature="TC_01_Mini_Statement_With_Account_Number_Is_Empty()[pri:0, instance:testcases.com.bankguru.statement.Mini_Statement@1b90fee4]" started-at="2023-10-05T14:52:25Z" name="TC_01_Mini_Statement_With_Account_Number_Is_Empty" finished-at="2023-10-05T14:52:29Z" duration-ms="3321" status="PASS">
          <reporter-output>
          </reporter-output>
        </test-method> <!-- TC_01_Mini_Statement_With_Account_Number_Is_Empty -->
        <test-method signature="TC_02_Mini_Statement_With_Account_Number_Have_Character()[pri:0, instance:testcases.com.bankguru.statement.Mini_Statement@1b90fee4]" started-at="2023-10-05T14:52:29Z" name="TC_02_Mini_Statement_With_Account_Number_Have_Character" finished-at="2023-10-05T14:52:34Z" duration-ms="5304" status="PASS">
          <reporter-output>
          </reporter-output>
        </test-method> <!-- TC_02_Mini_Statement_With_Account_Number_Have_Character -->
        <test-method signature="TC_03_Mini_Statement_With_Account_Number_Have_Special_Character()[pri:0, instance:testcases.com.bankguru.statement.Mini_Statement@1b90fee4]" started-at="2023-10-05T14:52:34Z" name="TC_03_Mini_Statement_With_Account_Number_Have_Special_Character" finished-at="2023-10-05T14:52:39Z" duration-ms="5245" status="PASS">
          <reporter-output>
          </reporter-output>
        </test-method> <!-- TC_03_Mini_Statement_With_Account_Number_Have_Special_Character -->
        <test-method signature="TC_04_Mini_Statement_With_Account_Number_Have_Special_Space()[pri:0, instance:testcases.com.bankguru.statement.Mini_Statement@1b90fee4]" started-at="2023-10-05T14:52:39Z" name="TC_04_Mini_Statement_With_Account_Number_Have_Special_Space" finished-at="2023-10-05T14:52:44Z" duration-ms="5228" status="PASS">
          <reporter-output>
          </reporter-output>
        </test-method> <!-- TC_04_Mini_Statement_With_Account_Number_Have_Special_Space -->
        <test-method is-config="true" signature="afterClass()[pri:0, instance:testcases.com.bankguru.statement.Mini_Statement@1b90fee4]" started-at="2023-10-05T14:52:44Z" name="afterClass" finished-at="2023-10-05T14:52:45Z" duration-ms="835" status="PASS">
          <reporter-output>
          </reporter-output>
        </test-method> <!-- afterClass -->
      </class> <!-- testcases.com.bankguru.statement.Mini_Statement -->
      <class name="testcases.com.bankguru.customer.Customer_02_Edit_Customer">
        <test-method is-config="true" signature="beforeClass(java.lang.String, java.lang.String, java.lang.String, java.lang.String, java.lang.String, java.lang.String, java.lang.String)[pri:0, instance:testcases.com.bankguru.customer.Customer_02_Edit_Customer@553da911]" started-at="2023-10-05T14:48:17Z" name="beforeClass" finished-at="2023-10-05T14:48:37Z" duration-ms="19060" status="PASS">
          <params>
            <param index="0">
              <value>
                <![CDATA[local]]>
              </value>
            </param>
            <param index="1">
              <value>
                <![CDATA[dev]]>
              </value>
            </param>
            <param index="2">
              <value>
                <![CDATA[chrome]]>
              </value>
            </param>
            <param index="3">
              <value>
                <![CDATA[Windows]]>
              </value>
            </param>
            <param index="4">
              <value>
                <![CDATA[10]]>
              </value>
            </param>
            <param index="5">
              <value>
                <![CDATA[localhost]]>
              </value>
            </param>
            <param index="6">
              <value>
                <![CDATA[4444]]>
              </value>
            </param>
          </params>
          <reporter-output>
          </reporter-output>
        </test-method> <!-- beforeClass -->
        <test-method signature="TC_01_Edit_Customer_With_CustomerId_Is_Special_Character()[pri:0, instance:testcases.com.bankguru.customer.Customer_02_Edit_Customer@553da911]" started-at="2023-10-05T14:48:37Z" name="TC_01_Edit_Customer_With_CustomerId_Is_Special_Character" finished-at="2023-10-05T14:48:38Z" duration-ms="952" status="PASS">
          <reporter-output>
          </reporter-output>
        </test-method> <!-- TC_01_Edit_Customer_With_CustomerId_Is_Special_Character -->
        <test-method signature="TC_02_Edit_Customer_With_CustomerId_Is_Valid()[pri:0, instance:testcases.com.bankguru.customer.Customer_02_Edit_Customer@553da911]" started-at="2023-10-05T14:48:38Z" name="TC_02_Edit_Customer_With_CustomerId_Is_Valid" finished-at="2023-10-05T14:48:39Z" duration-ms="1555" status="PASS">
          <reporter-output>
          </reporter-output>
        </test-method> <!-- TC_02_Edit_Customer_With_CustomerId_Is_Valid -->
        <test-method signature="TC_03_Edit_Customer_With_EmailAddress_Is_Blank()[pri:0, instance:testcases.com.bankguru.customer.Customer_02_Edit_Customer@553da911]" started-at="2023-10-05T14:48:39Z" name="TC_03_Edit_Customer_With_EmailAddress_Is_Blank" finished-at="2023-10-05T14:48:46Z" duration-ms="6918" status="PASS">
          <reporter-output>
          </reporter-output>
        </test-method> <!-- TC_03_Edit_Customer_With_EmailAddress_Is_Blank -->
        <test-method signature="TC_04_Edit_Customer_With_City_Is_Blank()[pri:0, instance:testcases.com.bankguru.customer.Customer_02_Edit_Customer@553da911]" started-at="2023-10-05T14:48:46Z" name="TC_04_Edit_Customer_With_City_Is_Blank" finished-at="2023-10-05T14:48:54Z" duration-ms="7802" status="PASS">
          <reporter-output>
          </reporter-output>
        </test-method> <!-- TC_04_Edit_Customer_With_City_Is_Blank -->
        <test-method signature="TC_05_Edit_Customer_With_City_Have_Number()[pri:0, instance:testcases.com.bankguru.customer.Customer_02_Edit_Customer@553da911]" started-at="2023-10-05T14:48:54Z" name="TC_05_Edit_Customer_With_City_Have_Number" finished-at="2023-10-05T14:48:56Z" duration-ms="2522" status="PASS">
          <reporter-output>
          </reporter-output>
        </test-method> <!-- TC_05_Edit_Customer_With_City_Have_Number -->
        <test-method signature="TC_06_Edit_Customer_With_State_Is_Blank()[pri:0, instance:testcases.com.bankguru.customer.Customer_02_Edit_Customer@553da911]" started-at="2023-10-05T14:48:56Z" name="TC_06_Edit_Customer_With_State_Is_Blank" finished-at="2023-10-05T14:48:59Z" duration-ms="2331" status="PASS">
          <reporter-output>
          </reporter-output>
        </test-method> <!-- TC_06_Edit_Customer_With_State_Is_Blank -->
        <test-method signature="TC_07_Edit_Customer_With_State_Have_Special_Character()[pri:0, instance:testcases.com.bankguru.customer.Customer_02_Edit_Customer@553da911]" started-at="2023-10-05T14:48:59Z" name="TC_07_Edit_Customer_With_State_Have_Special_Character" finished-at="2023-10-05T14:49:01Z" duration-ms="1989" status="PASS">
          <reporter-output>
          </reporter-output>
        </test-method> <!-- TC_07_Edit_Customer_With_State_Have_Special_Character -->
        <test-method signature="TC_08_Edit_Customer_With_PIN_Have_Character()[pri:0, instance:testcases.com.bankguru.customer.Customer_02_Edit_Customer@553da911]" started-at="2023-10-05T14:49:01Z" name="TC_08_Edit_Customer_With_PIN_Have_Character" finished-at="2023-10-05T14:49:03Z" duration-ms="1970" status="PASS">
          <reporter-output>
          </reporter-output>
        </test-method> <!-- TC_08_Edit_Customer_With_PIN_Have_Character -->
        <test-method signature="TC_09_Edit_Customer_With_PIN_More_Six_Number()[pri:0, instance:testcases.com.bankguru.customer.Customer_02_Edit_Customer@553da911]" started-at="2023-10-05T14:49:03Z" name="TC_09_Edit_Customer_With_PIN_More_Six_Number" finished-at="2023-10-05T14:49:05Z" duration-ms="1922" status="PASS">
          <reporter-output>
          </reporter-output>
        </test-method> <!-- TC_09_Edit_Customer_With_PIN_More_Six_Number -->
        <test-method signature="TC_10_Edit_Customer_With_Mobile_Number_Have_Character()[pri:0, instance:testcases.com.bankguru.customer.Customer_02_Edit_Customer@553da911]" started-at="2023-10-05T14:49:05Z" name="TC_10_Edit_Customer_With_Mobile_Number_Have_Character" finished-at="2023-10-05T14:49:07Z" duration-ms="2028" status="PASS">
          <reporter-output>
          </reporter-output>
        </test-method> <!-- TC_10_Edit_Customer_With_Mobile_Number_Have_Character -->
        <test-method signature="TC_11_Edit_Customer_With_Email_Address_Is_Invalid()[pri:0, instance:testcases.com.bankguru.customer.Customer_02_Edit_Customer@553da911]" started-at="2023-10-05T14:49:07Z" name="TC_11_Edit_Customer_With_Email_Address_Is_Invalid" finished-at="2023-10-05T14:49:09Z" duration-ms="1963" status="PASS">
          <reporter-output>
          </reporter-output>
        </test-method> <!-- TC_11_Edit_Customer_With_Email_Address_Is_Invalid -->
        <test-method is-config="true" signature="afterClass()[pri:0, instance:testcases.com.bankguru.customer.Customer_02_Edit_Customer@553da911]" started-at="2023-10-05T14:49:09Z" name="afterClass" finished-at="2023-10-05T14:49:09Z" duration-ms="744" status="PASS">
          <reporter-output>
          </reporter-output>
        </test-method> <!-- afterClass -->
      </class> <!-- testcases.com.bankguru.customer.Customer_02_Edit_Customer -->
      <class name="testcases.com.bankguru.customer.Customer_03_Delete_Customer">
        <test-method is-config="true" signature="beforeClass(java.lang.String, java.lang.String, java.lang.String, java.lang.String, java.lang.String, java.lang.String, java.lang.String)[pri:0, instance:testcases.com.bankguru.customer.Customer_03_Delete_Customer@327e5be5]" started-at="2023-10-05T14:49:09Z" name="beforeClass" finished-at="2023-10-05T14:49:26Z" duration-ms="16669" status="PASS">
          <params>
            <param index="0">
              <value>
                <![CDATA[local]]>
              </value>
            </param>
            <param index="1">
              <value>
                <![CDATA[dev]]>
              </value>
            </param>
            <param index="2">
              <value>
                <![CDATA[chrome]]>
              </value>
            </param>
            <param index="3">
              <value>
                <![CDATA[Windows]]>
              </value>
            </param>
            <param index="4">
              <value>
                <![CDATA[10]]>
              </value>
            </param>
            <param index="5">
              <value>
                <![CDATA[localhost]]>
              </value>
            </param>
            <param index="6">
              <value>
                <![CDATA[4444]]>
              </value>
            </param>
          </params>
          <reporter-output>
          </reporter-output>
        </test-method> <!-- beforeClass -->
        <test-method signature="TC_01_Delete_Customer_With_CustomerID_Is_Empty()[pri:0, instance:testcases.com.bankguru.customer.Customer_03_Delete_Customer@327e5be5]" started-at="2023-10-05T14:49:26Z" name="TC_01_Delete_Customer_With_CustomerID_Is_Empty" finished-at="2023-10-05T14:49:32Z" duration-ms="6328" status="SKIP">
          <exception class="java.lang.AssertionError">
            <message>
              <![CDATA[expected [Customer ID is required...] but found [Customer ID is required]]]>
            </message>
            <full-stacktrace>
              <![CDATA[java.lang.AssertionError: expected [Customer ID is required...] but found [Customer ID is required]
at org.testng.Assert.fail(Assert.java:96)
at org.testng.Assert.failNotEquals(Assert.java:776)
at org.testng.Assert.assertEqualsImpl(Assert.java:137)
at org.testng.Assert.assertEquals(Assert.java:118)
at org.testng.Assert.assertEquals(Assert.java:442)
at commons.BaseTest.verifyEquals(BaseTest.java:125)
at testcases.com.bankguru.customer.Customer_03_Delete_Customer.TC_01_Delete_Customer_With_CustomerID_Is_Empty(Customer_03_Delete_Customer.java:101)
at java.base/jdk.internal.reflect.NativeMethodAccessorImpl.invoke0(Native Method)
at java.base/jdk.internal.reflect.NativeMethodAccessorImpl.invoke(NativeMethodAccessorImpl.java:62)
at java.base/jdk.internal.reflect.DelegatingMethodAccessorImpl.invoke(DelegatingMethodAccessorImpl.java:43)
at java.base/java.lang.reflect.Method.invoke(Method.java:566)
at org.testng.internal.MethodInvocationHelper.invokeMethod(MethodInvocationHelper.java:124)
at org.testng.internal.Invoker.invokeMethod(Invoker.java:583)
at org.testng.internal.Invoker.invokeTestMethod(Invoker.java:719)
at org.testng.internal.Invoker.invokeTestMethods(Invoker.java:989)
at org.testng.internal.TestMethodWorker.invokeTestMethods(TestMethodWorker.java:125)
at org.testng.internal.TestMethodWorker.run(TestMethodWorker.java:109)
at org.testng.TestRunner.privateRun(TestRunner.java:648)
at org.testng.TestRunner.run(TestRunner.java:505)
at org.testng.SuiteRunner.runTest(SuiteRunner.java:455)
at org.testng.SuiteRunner.access$000(SuiteRunner.java:40)
at org.testng.SuiteRunner$SuiteWorker.run(SuiteRunner.java:489)
at org.testng.internal.thread.ThreadUtil$1.call(ThreadUtil.java:52)
at java.base/java.util.concurrent.FutureTask.run(FutureTask.java:264)
at java.base/java.util.concurrent.ThreadPoolExecutor.runWorker(ThreadPoolExecutor.java:1128)
at java.base/java.util.concurrent.ThreadPoolExecutor$Worker.run(ThreadPoolExecutor.java:628)
at java.base/java.lang.Thread.run(Thread.java:834)
]]>
            </full-stacktrace>
          </exception> <!-- java.lang.AssertionError -->
          <reporter-output>
          </reporter-output>
        </test-method> <!-- TC_01_Delete_Customer_With_CustomerID_Is_Empty -->
        <test-method signature="TC_01_Delete_Customer_With_CustomerID_Is_Empty()[pri:0, instance:testcases.com.bankguru.customer.Customer_03_Delete_Customer@327e5be5]" started-at="2023-10-05T14:49:32Z" name="TC_01_Delete_Customer_With_CustomerID_Is_Empty" finished-at="2023-10-05T14:49:38Z" duration-ms="5256" status="SKIP">
          <exception class="java.lang.AssertionError">
            <message>
              <![CDATA[expected [Customer ID is required...] but found [Customer ID is required]]]>
            </message>
            <full-stacktrace>
              <![CDATA[java.lang.AssertionError: expected [Customer ID is required...] but found [Customer ID is required]
at org.testng.Assert.fail(Assert.java:96)
at org.testng.Assert.failNotEquals(Assert.java:776)
at org.testng.Assert.assertEqualsImpl(Assert.java:137)
at org.testng.Assert.assertEquals(Assert.java:118)
at org.testng.Assert.assertEquals(Assert.java:442)
at commons.BaseTest.verifyEquals(BaseTest.java:125)
at testcases.com.bankguru.customer.Customer_03_Delete_Customer.TC_01_Delete_Customer_With_CustomerID_Is_Empty(Customer_03_Delete_Customer.java:101)
at java.base/jdk.internal.reflect.NativeMethodAccessorImpl.invoke0(Native Method)
at java.base/jdk.internal.reflect.NativeMethodAccessorImpl.invoke(NativeMethodAccessorImpl.java:62)
at java.base/jdk.internal.reflect.DelegatingMethodAccessorImpl.invoke(DelegatingMethodAccessorImpl.java:43)
at java.base/java.lang.reflect.Method.invoke(Method.java:566)
at org.testng.internal.MethodInvocationHelper.invokeMethod(MethodInvocationHelper.java:124)
at org.testng.internal.Invoker.invokeMethod(Invoker.java:583)
at org.testng.internal.Invoker.retryFailed(Invoker.java:839)
at org.testng.internal.Invoker.invokeTestMethods(Invoker.java:1010)
at org.testng.internal.TestMethodWorker.invokeTestMethods(TestMethodWorker.java:125)
at org.testng.internal.TestMethodWorker.run(TestMethodWorker.java:109)
at org.testng.TestRunner.privateRun(TestRunner.java:648)
at org.testng.TestRunner.run(TestRunner.java:505)
at org.testng.SuiteRunner.runTest(SuiteRunner.java:455)
at org.testng.SuiteRunner.access$000(SuiteRunner.java:40)
at org.testng.SuiteRunner$SuiteWorker.run(SuiteRunner.java:489)
at org.testng.internal.thread.ThreadUtil$1.call(ThreadUtil.java:52)
at java.base/java.util.concurrent.FutureTask.run(FutureTask.java:264)
at java.base/java.util.concurrent.ThreadPoolExecutor.runWorker(ThreadPoolExecutor.java:1128)
at java.base/java.util.concurrent.ThreadPoolExecutor$Worker.run(ThreadPoolExecutor.java:628)
at java.base/java.lang.Thread.run(Thread.java:834)
]]>
            </full-stacktrace>
          </exception> <!-- java.lang.AssertionError -->
          <reporter-output>
          </reporter-output>
        </test-method> <!-- TC_01_Delete_Customer_With_CustomerID_Is_Empty -->
        <test-method signature="TC_01_Delete_Customer_With_CustomerID_Is_Empty()[pri:0, instance:testcases.com.bankguru.customer.Customer_03_Delete_Customer@327e5be5]" started-at="2023-10-05T14:49:38Z" name="TC_01_Delete_Customer_With_CustomerID_Is_Empty" finished-at="2023-10-05T14:49:43Z" duration-ms="5254" status="FAIL">
          <exception class="java.lang.AssertionError">
            <message>
              <![CDATA[expected [Customer ID is required...] but found [Customer ID is required]]]>
            </message>
            <full-stacktrace>
              <![CDATA[java.lang.AssertionError: expected [Customer ID is required...] but found [Customer ID is required]
at org.testng.Assert.fail(Assert.java:96)
at org.testng.Assert.failNotEquals(Assert.java:776)
at org.testng.Assert.assertEqualsImpl(Assert.java:137)
at org.testng.Assert.assertEquals(Assert.java:118)
at org.testng.Assert.assertEquals(Assert.java:442)
at commons.BaseTest.verifyEquals(BaseTest.java:125)
at testcases.com.bankguru.customer.Customer_03_Delete_Customer.TC_01_Delete_Customer_With_CustomerID_Is_Empty(Customer_03_Delete_Customer.java:101)
at java.base/jdk.internal.reflect.NativeMethodAccessorImpl.invoke0(Native Method)
at java.base/jdk.internal.reflect.NativeMethodAccessorImpl.invoke(NativeMethodAccessorImpl.java:62)
at java.base/jdk.internal.reflect.DelegatingMethodAccessorImpl.invoke(DelegatingMethodAccessorImpl.java:43)
at java.base/java.lang.reflect.Method.invoke(Method.java:566)
at org.testng.internal.MethodInvocationHelper.invokeMethod(MethodInvocationHelper.java:124)
at org.testng.internal.Invoker.invokeMethod(Invoker.java:583)
at org.testng.internal.Invoker.retryFailed(Invoker.java:839)
at org.testng.internal.Invoker.invokeTestMethods(Invoker.java:1010)
at org.testng.internal.TestMethodWorker.invokeTestMethods(TestMethodWorker.java:125)
at org.testng.internal.TestMethodWorker.run(TestMethodWorker.java:109)
at org.testng.TestRunner.privateRun(TestRunner.java:648)
at org.testng.TestRunner.run(TestRunner.java:505)
at org.testng.SuiteRunner.runTest(SuiteRunner.java:455)
at org.testng.SuiteRunner.access$000(SuiteRunner.java:40)
at org.testng.SuiteRunner$SuiteWorker.run(SuiteRunner.java:489)
at org.testng.internal.thread.ThreadUtil$1.call(ThreadUtil.java:52)
at java.base/java.util.concurrent.FutureTask.run(FutureTask.java:264)
at java.base/java.util.concurrent.ThreadPoolExecutor.runWorker(ThreadPoolExecutor.java:1128)
at java.base/java.util.concurrent.ThreadPoolExecutor$Worker.run(ThreadPoolExecutor.java:628)
at java.base/java.lang.Thread.run(Thread.java:834)
]]>
            </full-stacktrace>
          </exception> <!-- java.lang.AssertionError -->
          <reporter-output>
          </reporter-output>
        </test-method> <!-- TC_01_Delete_Customer_With_CustomerID_Is_Empty -->
        <test-method signature="TC_02_Delete_Customer_With_CustomerID_Have_Character()[pri:0, instance:testcases.com.bankguru.customer.Customer_03_Delete_Customer@327e5be5]" started-at="2023-10-05T14:49:43Z" name="TC_02_Delete_Customer_With_CustomerID_Have_Character" finished-at="2023-10-05T14:49:45Z" duration-ms="1579" status="PASS">
          <reporter-output>
          </reporter-output>
        </test-method> <!-- TC_02_Delete_Customer_With_CustomerID_Have_Character -->
        <test-method signature="TC_03_Delete_Customer_With_CustomerID_Have_Special_Character()[pri:0, instance:testcases.com.bankguru.customer.Customer_03_Delete_Customer@327e5be5]" started-at="2023-10-05T14:49:45Z" name="TC_03_Delete_Customer_With_CustomerID_Have_Special_Character" finished-at="2023-10-05T14:49:46Z" duration-ms="1174" status="PASS">
          <reporter-output>
          </reporter-output>
        </test-method> <!-- TC_03_Delete_Customer_With_CustomerID_Have_Special_Character -->
        <test-method signature="TC_05_Delete_Customer_Successful()[pri:0, instance:testcases.com.bankguru.customer.Customer_03_Delete_Customer@327e5be5]" started-at="2023-10-05T14:49:46Z" name="TC_05_Delete_Customer_Successful" finished-at="2023-10-05T14:49:47Z" duration-ms="1374" status="PASS">
          <reporter-output>
          </reporter-output>
        </test-method> <!-- TC_05_Delete_Customer_Successful -->
        <test-method is-config="true" signature="afterClass()[pri:0, instance:testcases.com.bankguru.customer.Customer_03_Delete_Customer@327e5be5]" started-at="2023-10-05T14:49:47Z" name="afterClass" finished-at="2023-10-05T14:49:50Z" duration-ms="2783" status="PASS">
          <reporter-output>
          </reporter-output>
        </test-method> <!-- afterClass -->
      </class> <!-- testcases.com.bankguru.customer.Customer_03_Delete_Customer -->
      <class name="testcases.com.bankguru.statement.Customised_Statement">
        <test-method is-config="true" signature="beforeClass(java.lang.String, java.lang.String, java.lang.String, java.lang.String, java.lang.String, java.lang.String, java.lang.String)[pri:0, instance:testcases.com.bankguru.statement.Customised_Statement@2e4389ed]" started-at="2023-10-05T14:51:27Z" name="beforeClass" finished-at="2023-10-05T14:51:43Z" duration-ms="16101" status="PASS">
          <params>
            <param index="0">
              <value>
                <![CDATA[local]]>
              </value>
            </param>
            <param index="1">
              <value>
                <![CDATA[dev]]>
              </value>
            </param>
            <param index="2">
              <value>
                <![CDATA[chrome]]>
              </value>
            </param>
            <param index="3">
              <value>
                <![CDATA[Windows]]>
              </value>
            </param>
            <param index="4">
              <value>
                <![CDATA[10]]>
              </value>
            </param>
            <param index="5">
              <value>
                <![CDATA[localhost]]>
              </value>
            </param>
            <param index="6">
              <value>
                <![CDATA[4444]]>
              </value>
            </param>
          </params>
          <reporter-output>
          </reporter-output>
        </test-method> <!-- beforeClass -->
        <test-method signature="TC_01_Customised_Statement_With_Account_Number_Is_Empty()[pri:0, instance:testcases.com.bankguru.statement.Customised_Statement@2e4389ed]" started-at="2023-10-05T14:51:43Z" name="TC_01_Customised_Statement_With_Account_Number_Is_Empty" finished-at="2023-10-05T14:51:46Z" duration-ms="3727" status="PASS">
          <reporter-output>
          </reporter-output>
        </test-method> <!-- TC_01_Customised_Statement_With_Account_Number_Is_Empty -->
        <test-method signature="TC_02_Customised_Statement_With_Account_Number_Have_Character()[pri:0, instance:testcases.com.bankguru.statement.Customised_Statement@2e4389ed]" started-at="2023-10-05T14:51:46Z" name="TC_02_Customised_Statement_With_Account_Number_Have_Character" finished-at="2023-10-05T14:51:52Z" duration-ms="5704" status="PASS">
          <reporter-output>
          </reporter-output>
        </test-method> <!-- TC_02_Customised_Statement_With_Account_Number_Have_Character -->
        <test-method signature="TC_03_Customised_Statement_With_Account_Number_Have_Special_Character()[pri:0, instance:testcases.com.bankguru.statement.Customised_Statement@2e4389ed]" started-at="2023-10-05T14:51:52Z" name="TC_03_Customised_Statement_With_Account_Number_Have_Special_Character" finished-at="2023-10-05T14:51:57Z" duration-ms="5217" status="PASS">
          <reporter-output>
          </reporter-output>
        </test-method> <!-- TC_03_Customised_Statement_With_Account_Number_Have_Special_Character -->
        <test-method signature="TC_04_Customised_Statement_With_Account_Number_Have_Character_Space()[pri:0, instance:testcases.com.bankguru.statement.Customised_Statement@2e4389ed]" started-at="2023-10-05T14:51:57Z" name="TC_04_Customised_Statement_With_Account_Number_Have_Character_Space" finished-at="2023-10-05T14:52:03Z" duration-ms="5233" status="PASS">
          <reporter-output>
          </reporter-output>
        </test-method> <!-- TC_04_Customised_Statement_With_Account_Number_Have_Character_Space -->
        <test-method signature="TC_05_Customised_Statement_With_Minimum_Transaction_Value_Have_Character()[pri:0, instance:testcases.com.bankguru.statement.Customised_Statement@2e4389ed]" started-at="2023-10-05T14:52:03Z" name="TC_05_Customised_Statement_With_Minimum_Transaction_Value_Have_Character" finished-at="2023-10-05T14:52:04Z" duration-ms="1506" status="PASS">
          <reporter-output>
          </reporter-output>
        </test-method> <!-- TC_05_Customised_Statement_With_Minimum_Transaction_Value_Have_Character -->
        <test-method signature="TC_06_Customised_Statement_With_Minimum_Transaction_Value_Have_Special_Character()[pri:0, instance:testcases.com.bankguru.statement.Customised_Statement@2e4389ed]" started-at="2023-10-05T14:52:04Z" name="TC_06_Customised_Statement_With_Minimum_Transaction_Value_Have_Special_Character" finished-at="2023-10-05T14:52:05Z" duration-ms="1255" status="PASS">
          <reporter-output>
          </reporter-output>
        </test-method> <!-- TC_06_Customised_Statement_With_Minimum_Transaction_Value_Have_Special_Character -->
        <test-method signature="TC_07_Customised_Statement_With_Minimum_Transaction_Value_Have_Character_Space()[pri:0, instance:testcases.com.bankguru.statement.Customised_Statement@2e4389ed]" started-at="2023-10-05T14:52:05Z" name="TC_07_Customised_Statement_With_Minimum_Transaction_Value_Have_Character_Space" finished-at="2023-10-05T14:52:07Z" duration-ms="1230" status="PASS">
          <reporter-output>
          </reporter-output>
        </test-method> <!-- TC_07_Customised_Statement_With_Minimum_Transaction_Value_Have_Character_Space -->
        <test-method signature="TC_08_Customized_Statement_With_Number_Of_Tracsaction_Have_Character()[pri:0, instance:testcases.com.bankguru.statement.Customised_Statement@2e4389ed]" started-at="2023-10-05T14:52:07Z" name="TC_08_Customized_Statement_With_Number_Of_Tracsaction_Have_Character" finished-at="2023-10-05T14:52:08Z" duration-ms="1124" status="PASS">
          <reporter-output>
          </reporter-output>
        </test-method> <!-- TC_08_Customized_Statement_With_Number_Of_Tracsaction_Have_Character -->
        <test-method signature="TC_09_Customized_Statement_With_Number_Of_Tracsaction_Have_Special_Character()[pri:0, instance:testcases.com.bankguru.statement.Customised_Statement@2e4389ed]" started-at="2023-10-05T14:52:08Z" name="TC_09_Customized_Statement_With_Number_Of_Tracsaction_Have_Special_Character" finished-at="2023-10-05T14:52:09Z" duration-ms="1188" status="PASS">
          <reporter-output>
          </reporter-output>
        </test-method> <!-- TC_09_Customized_Statement_With_Number_Of_Tracsaction_Have_Special_Character -->
        <test-method signature="TC_10_Customized_Statement_With_Number_Of_Tracsaction_Have_Character_Space()[pri:0, instance:testcases.com.bankguru.statement.Customised_Statement@2e4389ed]" started-at="2023-10-05T14:52:09Z" name="TC_10_Customized_Statement_With_Number_Of_Tracsaction_Have_Character_Space" finished-at="2023-10-05T14:52:10Z" duration-ms="1063" status="PASS">
          <reporter-output>
          </reporter-output>
        </test-method> <!-- TC_10_Customized_Statement_With_Number_Of_Tracsaction_Have_Character_Space -->
        <test-method is-config="true" signature="afterClass()[pri:0, instance:testcases.com.bankguru.statement.Customised_Statement@2e4389ed]" started-at="2023-10-05T14:52:10Z" name="afterClass" finished-at="2023-10-05T14:52:11Z" duration-ms="821" status="PASS">
          <reporter-output>
          </reporter-output>
        </test-method> <!-- afterClass -->
      </class> <!-- testcases.com.bankguru.statement.Customised_Statement -->
      <class name="testcases.com.bankguru.account.Account_01_New_Account">
        <test-method is-config="true" signature="beforeClass(java.lang.String, java.lang.String, java.lang.String, java.lang.String, java.lang.String, java.lang.String, java.lang.String)[pri:0, instance:testcases.com.bankguru.account.Account_01_New_Account@1084ac45]" started-at="2023-10-05T14:49:50Z" name="beforeClass" finished-at="2023-10-05T14:50:02Z" duration-ms="12104" status="PASS">
          <params>
            <param index="0">
              <value>
                <![CDATA[local]]>
              </value>
            </param>
            <param index="1">
              <value>
                <![CDATA[dev]]>
              </value>
            </param>
            <param index="2">
              <value>
                <![CDATA[chrome]]>
              </value>
            </param>
            <param index="3">
              <value>
                <![CDATA[Windows]]>
              </value>
            </param>
            <param index="4">
              <value>
                <![CDATA[10]]>
              </value>
            </param>
            <param index="5">
              <value>
                <![CDATA[localhost]]>
              </value>
            </param>
            <param index="6">
              <value>
                <![CDATA[4444]]>
              </value>
            </param>
          </params>
          <reporter-output>
          </reporter-output>
        </test-method> <!-- beforeClass -->
        <test-method signature="TC_01_New_Account_With_CustomerId_Is_Special_Character()[pri:0, instance:testcases.com.bankguru.account.Account_01_New_Account@1084ac45]" started-at="2023-10-05T14:50:02Z" name="TC_01_New_Account_With_CustomerId_Is_Special_Character" finished-at="2023-10-05T14:50:06Z" duration-ms="4014" status="PASS">
          <reporter-output>
          </reporter-output>
        </test-method> <!-- TC_01_New_Account_With_CustomerId_Is_Special_Character -->
        <test-method signature="TC_02_New_Account_With_CustomerId_Have_Special_Character()[pri:0, instance:testcases.com.bankguru.account.Account_01_New_Account@1084ac45]" started-at="2023-10-05T14:50:06Z" name="TC_02_New_Account_With_CustomerId_Have_Special_Character" finished-at="2023-10-05T14:50:07Z" duration-ms="1039" status="PASS">
          <reporter-output>
          </reporter-output>
        </test-method> <!-- TC_02_New_Account_With_CustomerId_Have_Special_Character -->
        <test-method signature="TC_04_New_Account_With_Initial_Deposit_Have_Character()[pri:0, instance:testcases.com.bankguru.account.Account_01_New_Account@1084ac45]" started-at="2023-10-05T14:50:07Z" name="TC_04_New_Account_With_Initial_Deposit_Have_Character" finished-at="2023-10-05T14:50:08Z" duration-ms="597" status="PASS">
          <reporter-output>
          </reporter-output>
        </test-method> <!-- TC_04_New_Account_With_Initial_Deposit_Have_Character -->
        <test-method signature="TC_05_New_Account_With_Initial_Deposit_Have_Special_Character()[pri:0, instance:testcases.com.bankguru.account.Account_01_New_Account@1084ac45]" started-at="2023-10-05T14:50:08Z" name="TC_05_New_Account_With_Initial_Deposit_Have_Special_Character" finished-at="2023-10-05T14:50:08Z" duration-ms="560" status="PASS">
          <reporter-output>
          </reporter-output>
        </test-method> <!-- TC_05_New_Account_With_Initial_Deposit_Have_Special_Character -->
        <test-method signature="TC_03_New_Account_With_CustomerId_Have_Character()[pri:2, instance:testcases.com.bankguru.account.Account_01_New_Account@1084ac45]" started-at="2023-10-05T14:53:28Z" name="TC_03_New_Account_With_CustomerId_Have_Character" finished-at="2023-10-05T14:53:29Z" duration-ms="1139" status="PASS">
          <reporter-output>
          </reporter-output>
        </test-method> <!-- TC_03_New_Account_With_CustomerId_Have_Character -->
        <test-method is-config="true" signature="afterClass()[pri:0, instance:testcases.com.bankguru.account.Account_01_New_Account@1084ac45]" started-at="2023-10-05T14:53:29Z" name="afterClass" finished-at="2023-10-05T14:53:29Z" duration-ms="0" status="PASS">
          <reporter-output>
          </reporter-output>
        </test-method> <!-- afterClass -->
      </class> <!-- testcases.com.bankguru.account.Account_01_New_Account -->
    </test> <!-- Run on chrome  -->
    <test started-at="2023-10-05T14:47:57Z" name="Run on firefox " finished-at="2023-10-05T14:53:58Z" duration-ms="361490">
      <class name="testcases.com.bankguru.Change_Password">
        <test-method is-config="true" signature="beforeClass(java.lang.String, java.lang.String, java.lang.String, java.lang.String, java.lang.String, java.lang.String, java.lang.String)[pri:0, instance:testcases.com.bankguru.Change_Password@6b4fc2d1]" started-at="2023-10-05T14:53:22Z" name="beforeClass" finished-at="2023-10-05T14:53:51Z" duration-ms="29359" status="PASS">
          <params>
            <param index="0">
              <value>
                <![CDATA[local]]>
              </value>
            </param>
            <param index="1">
              <value>
                <![CDATA[dev]]>
              </value>
            </param>
            <param index="2">
              <value>
                <![CDATA[firefox]]>
              </value>
            </param>
            <param index="3">
              <value>
                <![CDATA[Windows]]>
              </value>
            </param>
            <param index="4">
              <value>
                <![CDATA[10]]>
              </value>
            </param>
            <param index="5">
              <value>
                <![CDATA[localhost]]>
              </value>
            </param>
            <param index="6">
              <value>
                <![CDATA[4444]]>
              </value>
            </param>
          </params>
          <reporter-output>
          </reporter-output>
        </test-method> <!-- beforeClass -->
        <test-method signature="TC_01_Change_Password_With_Old_Password_Is_Empty()[pri:0, instance:testcases.com.bankguru.Change_Password@6b4fc2d1]" started-at="2023-10-05T14:53:51Z" name="TC_01_Change_Password_With_Old_Password_Is_Empty" finished-at="2023-10-05T14:53:52Z" duration-ms="725" status="PASS">
          <reporter-output>
          </reporter-output>
        </test-method> <!-- TC_01_Change_Password_With_Old_Password_Is_Empty -->
        <test-method signature="TC_02_Change_Password_With_New_Password_Is_Empty()[pri:0, instance:testcases.com.bankguru.Change_Password@6b4fc2d1]" started-at="2023-10-05T14:53:52Z" name="TC_02_Change_Password_With_New_Password_Is_Empty" finished-at="2023-10-05T14:53:53Z" duration-ms="714" status="PASS">
          <reporter-output>
          </reporter-output>
        </test-method> <!-- TC_02_Change_Password_With_New_Password_Is_Empty -->
        <test-method signature="TC_03_Change_Password_With_New_Password_Have_Not_Number()[pri:0, instance:testcases.com.bankguru.Change_Password@6b4fc2d1]" started-at="2023-10-05T14:53:53Z" name="TC_03_Change_Password_With_New_Password_Have_Not_Number" finished-at="2023-10-05T14:53:54Z" duration-ms="688" status="PASS">
          <reporter-output>
          </reporter-output>
        </test-method> <!-- TC_03_Change_Password_With_New_Password_Have_Not_Number -->
        <test-method signature="TC_04_Change_Password_With_New_Password_Have_Not_Special_Character()[pri:0, instance:testcases.com.bankguru.Change_Password@6b4fc2d1]" started-at="2023-10-05T14:53:54Z" name="TC_04_Change_Password_With_New_Password_Have_Not_Special_Character" finished-at="2023-10-05T14:53:54Z" duration-ms="692" status="PASS">
          <reporter-output>
          </reporter-output>
        </test-method> <!-- TC_04_Change_Password_With_New_Password_Have_Not_Special_Character -->
        <test-method signature="TC_05_Change_Password_With_New_Password_Have_Password_Terms()[pri:0, instance:testcases.com.bankguru.Change_Password@6b4fc2d1]" started-at="2023-10-05T14:53:54Z" name="TC_05_Change_Password_With_New_Password_Have_Password_Terms" finished-at="2023-10-05T14:53:55Z" duration-ms="725" status="PASS">
          <reporter-output>
          </reporter-output>
        </test-method> <!-- TC_05_Change_Password_With_New_Password_Have_Password_Terms -->
        <test-method signature="TC_06_Change_Password_With_Confirm_Password_Not_Match_Password()[pri:0, instance:testcases.com.bankguru.Change_Password@6b4fc2d1]" started-at="2023-10-05T14:53:55Z" name="TC_06_Change_Password_With_Confirm_Password_Not_Match_Password" finished-at="2023-10-05T14:53:56Z" duration-ms="589" status="PASS">
          <reporter-output>
          </reporter-output>
        </test-method> <!-- TC_06_Change_Password_With_Confirm_Password_Not_Match_Password -->
        <test-method is-config="true" signature="afterClass()[pri:0, instance:testcases.com.bankguru.Change_Password@6b4fc2d1]" started-at="2023-10-05T14:53:56Z" name="afterClass" finished-at="2023-10-05T14:53:57Z" duration-ms="1276" status="PASS">
          <reporter-output>
          </reporter-output>
        </test-method> <!-- afterClass -->
      </class> <!-- testcases.com.bankguru.Change_Password -->
      <class name="testcases.com.bankguru.common.Register">
        <test-method is-config="true" signature="beforeTest(java.lang.String, java.lang.String, java.lang.String, java.lang.String, java.lang.String, java.lang.String, java.lang.String)[pri:0, instance:testcases.com.bankguru.common.Register@54336976]" started-at="2023-10-05T14:47:57Z" name="beforeTest" finished-at="2023-10-05T14:48:27Z" duration-ms="30787" status="PASS">
          <params>
            <param index="0">
              <value>
                <![CDATA[local]]>
              </value>
            </param>
            <param index="1">
              <value>
                <![CDATA[dev]]>
              </value>
            </param>
            <param index="2">
              <value>
                <![CDATA[firefox]]>
              </value>
            </param>
            <param index="3">
              <value>
                <![CDATA[Windows]]>
              </value>
            </param>
            <param index="4">
              <value>
                <![CDATA[10]]>
              </value>
            </param>
            <param index="5">
              <value>
                <![CDATA[localhost]]>
              </value>
            </param>
            <param index="6">
              <value>
                <![CDATA[4444]]>
              </value>
            </param>
          </params>
          <reporter-output>
          </reporter-output>
        </test-method> <!-- beforeTest -->
      </class> <!-- testcases.com.bankguru.common.Register -->
      <class name="testcases.com.bankguru.account.Account_02_Edit_Account">
        <test-method is-config="true" signature="beforeClass(java.lang.String, java.lang.String, java.lang.String, java.lang.String, java.lang.String, java.lang.String, java.lang.String)[pri:0, instance:testcases.com.bankguru.account.Account_02_Edit_Account@5438c17a]" started-at="2023-10-05T14:50:57Z" name="beforeClass" finished-at="2023-10-05T14:51:22Z" duration-ms="25044" status="PASS">
          <params>
            <param index="0">
              <value>
                <![CDATA[local]]>
              </value>
            </param>
            <param index="1">
              <value>
                <![CDATA[dev]]>
              </value>
            </param>
            <param index="2">
              <value>
                <![CDATA[firefox]]>
              </value>
            </param>
            <param index="3">
              <value>
                <![CDATA[Windows]]>
              </value>
            </param>
            <param index="4">
              <value>
                <![CDATA[10]]>
              </value>
            </param>
            <param index="5">
              <value>
                <![CDATA[localhost]]>
              </value>
            </param>
            <param index="6">
              <value>
                <![CDATA[4444]]>
              </value>
            </param>
          </params>
          <reporter-output>
          </reporter-output>
        </test-method> <!-- beforeClass -->
        <test-method signature="TC_01_Edit_Account_With_Account_Number_Is_Empty()[pri:0, instance:testcases.com.bankguru.account.Account_02_Edit_Account@5438c17a]" started-at="2023-10-05T14:51:22Z" name="TC_01_Edit_Account_With_Account_Number_Is_Empty" finished-at="2023-10-05T14:51:23Z" duration-ms="933" status="PASS">
          <reporter-output>
          </reporter-output>
        </test-method> <!-- TC_01_Edit_Account_With_Account_Number_Is_Empty -->
        <test-method signature="TC_02_Edit_Account_With_Account_Number_Have_Character()[pri:0, instance:testcases.com.bankguru.account.Account_02_Edit_Account@5438c17a]" started-at="2023-10-05T14:51:23Z" name="TC_02_Edit_Account_With_Account_Number_Have_Character" finished-at="2023-10-05T14:51:24Z" duration-ms="934" status="PASS">
          <reporter-output>
          </reporter-output>
        </test-method> <!-- TC_02_Edit_Account_With_Account_Number_Have_Character -->
        <test-method signature="TC_03_Edit_Account_With_Account_Number_Have_Special_Character()[pri:0, instance:testcases.com.bankguru.account.Account_02_Edit_Account@5438c17a]" started-at="2023-10-05T14:51:24Z" name="TC_03_Edit_Account_With_Account_Number_Have_Special_Character" finished-at="2023-10-05T14:51:26Z" duration-ms="1510" status="PASS">
          <reporter-output>
          </reporter-output>
        </test-method> <!-- TC_03_Edit_Account_With_Account_Number_Have_Special_Character -->
        <test-method signature="TC_03_Edit_Account_With_Account_Number_Have_Special_Space()[pri:0, instance:testcases.com.bankguru.account.Account_02_Edit_Account@5438c17a]" started-at="2023-10-05T14:51:26Z" name="TC_03_Edit_Account_With_Account_Number_Have_Special_Space" finished-at="2023-10-05T14:51:27Z" duration-ms="960" status="PASS">
          <reporter-output>
          </reporter-output>
        </test-method> <!-- TC_03_Edit_Account_With_Account_Number_Have_Special_Space -->
        <test-method is-config="true" signature="afterClass()[pri:0, instance:testcases.com.bankguru.account.Account_02_Edit_Account@5438c17a]" started-at="2023-10-05T14:51:27Z" name="afterClass" finished-at="2023-10-05T14:51:29Z" duration-ms="2427" status="PASS">
          <reporter-output>
          </reporter-output>
        </test-method> <!-- afterClass -->
      </class> <!-- testcases.com.bankguru.account.Account_02_Edit_Account -->
      <class name="testcases.com.bankguru.account.Account_03_Delete_Account">
        <test-method is-config="true" signature="beforeClass(java.lang.String, java.lang.String, java.lang.String, java.lang.String, java.lang.String, java.lang.String, java.lang.String)[pri:0, instance:testcases.com.bankguru.account.Account_03_Delete_Account@b9d018b]" started-at="2023-10-05T14:51:29Z" name="beforeClass" finished-at="2023-10-05T14:51:56Z" duration-ms="26901" status="PASS">
          <params>
            <param index="0">
              <value>
                <![CDATA[local]]>
              </value>
            </param>
            <param index="1">
              <value>
                <![CDATA[dev]]>
              </value>
            </param>
            <param index="2">
              <value>
                <![CDATA[firefox]]>
              </value>
            </param>
            <param index="3">
              <value>
                <![CDATA[Windows]]>
              </value>
            </param>
            <param index="4">
              <value>
                <![CDATA[10]]>
              </value>
            </param>
            <param index="5">
              <value>
                <![CDATA[localhost]]>
              </value>
            </param>
            <param index="6">
              <value>
                <![CDATA[4444]]>
              </value>
            </param>
          </params>
          <reporter-output>
          </reporter-output>
        </test-method> <!-- beforeClass -->
        <test-method signature="TC_01_Delete_Account_With_Account_Number_Is_Empty()[pri:0, instance:testcases.com.bankguru.account.Account_03_Delete_Account@b9d018b]" started-at="2023-10-05T14:51:56Z" name="TC_01_Delete_Account_With_Account_Number_Is_Empty" finished-at="2023-10-05T14:51:57Z" duration-ms="1000" status="PASS">
          <reporter-output>
          </reporter-output>
        </test-method> <!-- TC_01_Delete_Account_With_Account_Number_Is_Empty -->
        <test-method signature="TC_02_Delete_Account_With_Account_Number_Have_Character()[pri:0, instance:testcases.com.bankguru.account.Account_03_Delete_Account@b9d018b]" started-at="2023-10-05T14:51:57Z" name="TC_02_Delete_Account_With_Account_Number_Have_Character" finished-at="2023-10-05T14:51:58Z" duration-ms="943" status="PASS">
          <reporter-output>
          </reporter-output>
        </test-method> <!-- TC_02_Delete_Account_With_Account_Number_Have_Character -->
        <test-method signature="TC_03_Delete_Account_With_Account_Number_Have_Special_Character()[pri:0, instance:testcases.com.bankguru.account.Account_03_Delete_Account@b9d018b]" started-at="2023-10-05T14:51:58Z" name="TC_03_Delete_Account_With_Account_Number_Have_Special_Character" finished-at="2023-10-05T14:51:59Z" duration-ms="955" status="PASS">
          <reporter-output>
          </reporter-output>
        </test-method> <!-- TC_03_Delete_Account_With_Account_Number_Have_Special_Character -->
        <test-method signature="TC_03_Delete_Account_With_Account_Number_Have_Special_Space()[pri:0, instance:testcases.com.bankguru.account.Account_03_Delete_Account@b9d018b]" started-at="2023-10-05T14:51:59Z" name="TC_03_Delete_Account_With_Account_Number_Have_Special_Space" finished-at="2023-10-05T14:52:00Z" duration-ms="1001" status="PASS">
          <reporter-output>
          </reporter-output>
        </test-method> <!-- TC_03_Delete_Account_With_Account_Number_Have_Special_Space -->
        <test-method is-config="true" signature="afterClass()[pri:0, instance:testcases.com.bankguru.account.Account_03_Delete_Account@b9d018b]" started-at="2023-10-05T14:52:00Z" name="afterClass" finished-at="2023-10-05T14:52:01Z" duration-ms="1488" status="PASS">
          <reporter-output>
          </reporter-output>
        </test-method> <!-- afterClass -->
      </class> <!-- testcases.com.bankguru.account.Account_03_Delete_Account -->
      <class name="testcases.com.bankguru.customer.Customer_01_New_Customer">
        <test-method is-config="true" signature="beforeClass(java.lang.String, java.lang.String, java.lang.String, java.lang.String, java.lang.String, java.lang.String, java.lang.String)[pri:0, instance:testcases.com.bankguru.customer.Customer_01_New_Customer@f25f48a]" started-at="2023-10-05T14:48:27Z" name="beforeClass" finished-at="2023-10-05T14:48:48Z" duration-ms="21078" status="PASS">
          <params>
            <param index="0">
              <value>
                <![CDATA[local]]>
              </value>
            </param>
            <param index="1">
              <value>
                <![CDATA[dev]]>
              </value>
            </param>
            <param index="2">
              <value>
                <![CDATA[firefox]]>
              </value>
            </param>
            <param index="3">
              <value>
                <![CDATA[Windows]]>
              </value>
            </param>
            <param index="4">
              <value>
                <![CDATA[10]]>
              </value>
            </param>
            <param index="5">
              <value>
                <![CDATA[localhost]]>
              </value>
            </param>
            <param index="6">
              <value>
                <![CDATA[4444]]>
              </value>
            </param>
          </params>
          <reporter-output>
          </reporter-output>
        </test-method> <!-- beforeClass -->
        <test-method signature="TC_01_New_Customer_With_Name_Empty()[pri:0, instance:testcases.com.bankguru.customer.Customer_01_New_Customer@f25f48a]" started-at="2023-10-05T14:48:48Z" name="TC_01_New_Customer_With_Name_Empty" finished-at="2023-10-05T14:48:49Z" duration-ms="786" status="PASS">
          <reporter-output>
          </reporter-output>
        </test-method> <!-- TC_01_New_Customer_With_Name_Empty -->
        <test-method signature="TC_02_New_Customer_With_Name_Number()[pri:0, instance:testcases.com.bankguru.customer.Customer_01_New_Customer@f25f48a]" started-at="2023-10-05T14:48:49Z" name="TC_02_New_Customer_With_Name_Number" finished-at="2023-10-05T14:48:50Z" duration-ms="780" status="PASS">
          <reporter-output>
          </reporter-output>
        </test-method> <!-- TC_02_New_Customer_With_Name_Number -->
        <test-method signature="TC_03_New_Customer_With_Name_Have_Special_Character()[pri:0, instance:testcases.com.bankguru.customer.Customer_01_New_Customer@f25f48a]" started-at="2023-10-05T14:48:50Z" name="TC_03_New_Customer_With_Name_Have_Special_Character" finished-at="2023-10-05T14:48:51Z" duration-ms="752" status="PASS">
          <reporter-output>
          </reporter-output>
        </test-method> <!-- TC_03_New_Customer_With_Name_Have_Special_Character -->
        <test-method signature="TC_04_New_Customer_With_Name_Start_As_Blank_Character()[pri:0, instance:testcases.com.bankguru.customer.Customer_01_New_Customer@f25f48a]" started-at="2023-10-05T14:48:51Z" name="TC_04_New_Customer_With_Name_Start_As_Blank_Character" finished-at="2023-10-05T14:48:51Z" duration-ms="743" status="PASS">
          <reporter-output>
          </reporter-output>
        </test-method> <!-- TC_04_New_Customer_With_Name_Start_As_Blank_Character -->
        <test-method signature="TC_05_New_Customer_With_Address_Empty()[pri:0, instance:testcases.com.bankguru.customer.Customer_01_New_Customer@f25f48a]" started-at="2023-10-05T14:48:51Z" name="TC_05_New_Customer_With_Address_Empty" finished-at="2023-10-05T14:48:52Z" duration-ms="862" status="PASS">
          <reporter-output>
          </reporter-output>
        </test-method> <!-- TC_05_New_Customer_With_Address_Empty -->
        <test-method is-config="true" signature="afterClass()[pri:0, instance:testcases.com.bankguru.customer.Customer_01_New_Customer@f25f48a]" started-at="2023-10-05T14:48:52Z" name="afterClass" finished-at="2023-10-05T14:48:54Z" duration-ms="1235" status="PASS">
          <reporter-output>
          </reporter-output>
        </test-method> <!-- afterClass -->
      </class> <!-- testcases.com.bankguru.customer.Customer_01_New_Customer -->
      <class name="testcases.com.bankguru.statement.Mini_Statement">
        <test-method is-config="true" signature="beforeClass(java.lang.String, java.lang.String, java.lang.String, java.lang.String, java.lang.String, java.lang.String, java.lang.String)[pri:0, instance:testcases.com.bankguru.statement.Mini_Statement@79eeff87]" started-at="2023-10-05T14:52:44Z" name="beforeClass" finished-at="2023-10-05T14:53:16Z" duration-ms="32034" status="PASS">
          <params>
            <param index="0">
              <value>
                <![CDATA[local]]>
              </value>
            </param>
            <param index="1">
              <value>
                <![CDATA[dev]]>
              </value>
            </param>
            <param index="2">
              <value>
                <![CDATA[firefox]]>
              </value>
            </param>
            <param index="3">
              <value>
                <![CDATA[Windows]]>
              </value>
            </param>
            <param index="4">
              <value>
                <![CDATA[10]]>
              </value>
            </param>
            <param index="5">
              <value>
                <![CDATA[localhost]]>
              </value>
            </param>
            <param index="6">
              <value>
                <![CDATA[4444]]>
              </value>
            </param>
          </params>
          <reporter-output>
          </reporter-output>
        </test-method> <!-- beforeClass -->
        <test-method signature="TC_01_Mini_Statement_With_Account_Number_Is_Empty()[pri:0, instance:testcases.com.bankguru.statement.Mini_Statement@79eeff87]" started-at="2023-10-05T14:53:16Z" name="TC_01_Mini_Statement_With_Account_Number_Is_Empty" finished-at="2023-10-05T14:53:18Z" duration-ms="1618" status="PASS">
          <reporter-output>
          </reporter-output>
        </test-method> <!-- TC_01_Mini_Statement_With_Account_Number_Is_Empty -->
        <test-method signature="TC_02_Mini_Statement_With_Account_Number_Have_Character()[pri:0, instance:testcases.com.bankguru.statement.Mini_Statement@79eeff87]" started-at="2023-10-05T14:53:18Z" name="TC_02_Mini_Statement_With_Account_Number_Have_Character" finished-at="2023-10-05T14:53:19Z" duration-ms="943" status="PASS">
          <reporter-output>
          </reporter-output>
        </test-method> <!-- TC_02_Mini_Statement_With_Account_Number_Have_Character -->
        <test-method signature="TC_03_Mini_Statement_With_Account_Number_Have_Special_Character()[pri:0, instance:testcases.com.bankguru.statement.Mini_Statement@79eeff87]" started-at="2023-10-05T14:53:19Z" name="TC_03_Mini_Statement_With_Account_Number_Have_Special_Character" finished-at="2023-10-05T14:53:20Z" duration-ms="1201" status="PASS">
          <reporter-output>
          </reporter-output>
        </test-method> <!-- TC_03_Mini_Statement_With_Account_Number_Have_Special_Character -->
        <test-method signature="TC_04_Mini_Statement_With_Account_Number_Have_Special_Space()[pri:0, instance:testcases.com.bankguru.statement.Mini_Statement@79eeff87]" started-at="2023-10-05T14:53:20Z" name="TC_04_Mini_Statement_With_Account_Number_Have_Special_Space" finished-at="2023-10-05T14:53:21Z" duration-ms="950" status="PASS">
          <reporter-output>
          </reporter-output>
        </test-method> <!-- TC_04_Mini_Statement_With_Account_Number_Have_Special_Space -->
        <test-method is-config="true" signature="afterClass()[pri:0, instance:testcases.com.bankguru.statement.Mini_Statement@79eeff87]" started-at="2023-10-05T14:53:21Z" name="afterClass" finished-at="2023-10-05T14:53:22Z" duration-ms="1273" status="PASS">
          <reporter-output>
          </reporter-output>
        </test-method> <!-- afterClass -->
      </class> <!-- testcases.com.bankguru.statement.Mini_Statement -->
      <class name="testcases.com.bankguru.customer.Customer_02_Edit_Customer">
        <test-method is-config="true" signature="beforeClass(java.lang.String, java.lang.String, java.lang.String, java.lang.String, java.lang.String, java.lang.String, java.lang.String)[pri:0, instance:testcases.com.bankguru.customer.Customer_02_Edit_Customer@3b7c80c6]" started-at="2023-10-05T14:48:54Z" name="beforeClass" finished-at="2023-10-05T14:49:23Z" duration-ms="29628" status="PASS">
          <params>
            <param index="0">
              <value>
                <![CDATA[local]]>
              </value>
            </param>
            <param index="1">
              <value>
                <![CDATA[dev]]>
              </value>
            </param>
            <param index="2">
              <value>
                <![CDATA[firefox]]>
              </value>
            </param>
            <param index="3">
              <value>
                <![CDATA[Windows]]>
              </value>
            </param>
            <param index="4">
              <value>
                <![CDATA[10]]>
              </value>
            </param>
            <param index="5">
              <value>
                <![CDATA[localhost]]>
              </value>
            </param>
            <param index="6">
              <value>
                <![CDATA[4444]]>
              </value>
            </param>
          </params>
          <reporter-output>
          </reporter-output>
        </test-method> <!-- beforeClass -->
        <test-method signature="TC_01_Edit_Customer_With_CustomerId_Is_Special_Character()[pri:0, instance:testcases.com.bankguru.customer.Customer_02_Edit_Customer@3b7c80c6]" started-at="2023-10-05T14:49:23Z" name="TC_01_Edit_Customer_With_CustomerId_Is_Special_Character" finished-at="2023-10-05T14:49:24Z" duration-ms="834" status="PASS">
          <reporter-output>
          </reporter-output>
        </test-method> <!-- TC_01_Edit_Customer_With_CustomerId_Is_Special_Character -->
        <test-method signature="TC_02_Edit_Customer_With_CustomerId_Is_Valid()[pri:0, instance:testcases.com.bankguru.customer.Customer_02_Edit_Customer@3b7c80c6]" started-at="2023-10-05T14:49:24Z" name="TC_02_Edit_Customer_With_CustomerId_Is_Valid" finished-at="2023-10-05T14:49:26Z" duration-ms="1599" status="PASS">
          <reporter-output>
          </reporter-output>
        </test-method> <!-- TC_02_Edit_Customer_With_CustomerId_Is_Valid -->
        <test-method signature="TC_03_Edit_Customer_With_EmailAddress_Is_Blank()[pri:0, instance:testcases.com.bankguru.customer.Customer_02_Edit_Customer@3b7c80c6]" started-at="2023-10-05T14:49:26Z" name="TC_03_Edit_Customer_With_EmailAddress_Is_Blank" finished-at="2023-10-05T14:49:27Z" duration-ms="1797" status="PASS">
          <reporter-output>
          </reporter-output>
        </test-method> <!-- TC_03_Edit_Customer_With_EmailAddress_Is_Blank -->
        <test-method signature="TC_04_Edit_Customer_With_City_Is_Blank()[pri:0, instance:testcases.com.bankguru.customer.Customer_02_Edit_Customer@3b7c80c6]" started-at="2023-10-05T14:49:27Z" name="TC_04_Edit_Customer_With_City_Is_Blank" finished-at="2023-10-05T14:49:29Z" duration-ms="1766" status="PASS">
          <reporter-output>
          </reporter-output>
        </test-method> <!-- TC_04_Edit_Customer_With_City_Is_Blank -->
        <test-method signature="TC_05_Edit_Customer_With_City_Have_Number()[pri:0, instance:testcases.com.bankguru.customer.Customer_02_Edit_Customer@3b7c80c6]" started-at="2023-10-05T14:49:29Z" name="TC_05_Edit_Customer_With_City_Have_Number" finished-at="2023-10-05T14:49:31Z" duration-ms="1786" status="PASS">
          <reporter-output>
          </reporter-output>
        </test-method> <!-- TC_05_Edit_Customer_With_City_Have_Number -->
        <test-method signature="TC_06_Edit_Customer_With_State_Is_Blank()[pri:0, instance:testcases.com.bankguru.customer.Customer_02_Edit_Customer@3b7c80c6]" started-at="2023-10-05T14:49:31Z" name="TC_06_Edit_Customer_With_State_Is_Blank" finished-at="2023-10-05T14:49:33Z" duration-ms="1801" status="PASS">
          <reporter-output>
          </reporter-output>
        </test-method> <!-- TC_06_Edit_Customer_With_State_Is_Blank -->
        <test-method signature="TC_07_Edit_Customer_With_State_Have_Special_Character()[pri:0, instance:testcases.com.bankguru.customer.Customer_02_Edit_Customer@3b7c80c6]" started-at="2023-10-05T14:49:33Z" name="TC_07_Edit_Customer_With_State_Have_Special_Character" finished-at="2023-10-05T14:49:35Z" duration-ms="1776" status="PASS">
          <reporter-output>
          </reporter-output>
        </test-method> <!-- TC_07_Edit_Customer_With_State_Have_Special_Character -->
        <test-method signature="TC_08_Edit_Customer_With_PIN_Have_Character()[pri:0, instance:testcases.com.bankguru.customer.Customer_02_Edit_Customer@3b7c80c6]" started-at="2023-10-05T14:49:35Z" name="TC_08_Edit_Customer_With_PIN_Have_Character" finished-at="2023-10-05T14:49:36Z" duration-ms="1772" status="PASS">
          <reporter-output>
          </reporter-output>
        </test-method> <!-- TC_08_Edit_Customer_With_PIN_Have_Character -->
        <test-method signature="TC_09_Edit_Customer_With_PIN_More_Six_Number()[pri:0, instance:testcases.com.bankguru.customer.Customer_02_Edit_Customer@3b7c80c6]" started-at="2023-10-05T14:49:36Z" name="TC_09_Edit_Customer_With_PIN_More_Six_Number" finished-at="2023-10-05T14:49:38Z" duration-ms="1758" status="PASS">
          <reporter-output>
          </reporter-output>
        </test-method> <!-- TC_09_Edit_Customer_With_PIN_More_Six_Number -->
        <test-method signature="TC_10_Edit_Customer_With_Mobile_Number_Have_Character()[pri:0, instance:testcases.com.bankguru.customer.Customer_02_Edit_Customer@3b7c80c6]" started-at="2023-10-05T14:49:38Z" name="TC_10_Edit_Customer_With_Mobile_Number_Have_Character" finished-at="2023-10-05T14:49:40Z" duration-ms="1865" status="PASS">
          <reporter-output>
          </reporter-output>
        </test-method> <!-- TC_10_Edit_Customer_With_Mobile_Number_Have_Character -->
        <test-method signature="TC_11_Edit_Customer_With_Email_Address_Is_Invalid()[pri:0, instance:testcases.com.bankguru.customer.Customer_02_Edit_Customer@3b7c80c6]" started-at="2023-10-05T14:49:40Z" name="TC_11_Edit_Customer_With_Email_Address_Is_Invalid" finished-at="2023-10-05T14:49:42Z" duration-ms="1748" status="PASS">
          <reporter-output>
          </reporter-output>
        </test-method> <!-- TC_11_Edit_Customer_With_Email_Address_Is_Invalid -->
        <test-method is-config="true" signature="afterClass()[pri:0, instance:testcases.com.bankguru.customer.Customer_02_Edit_Customer@3b7c80c6]" started-at="2023-10-05T14:49:42Z" name="afterClass" finished-at="2023-10-05T14:49:43Z" duration-ms="1346" status="PASS">
          <reporter-output>
          </reporter-output>
        </test-method> <!-- afterClass -->
      </class> <!-- testcases.com.bankguru.customer.Customer_02_Edit_Customer -->
      <class name="testcases.com.bankguru.customer.Customer_03_Delete_Customer">
        <test-method is-config="true" signature="beforeClass(java.lang.String, java.lang.String, java.lang.String, java.lang.String, java.lang.String, java.lang.String, java.lang.String)[pri:0, instance:testcases.com.bankguru.customer.Customer_03_Delete_Customer@3b2e5c0d]" started-at="2023-10-05T14:49:43Z" name="beforeClass" finished-at="2023-10-05T14:50:19Z" duration-ms="35980" status="PASS">
          <params>
            <param index="0">
              <value>
                <![CDATA[local]]>
              </value>
            </param>
            <param index="1">
              <value>
                <![CDATA[dev]]>
              </value>
            </param>
            <param index="2">
              <value>
                <![CDATA[firefox]]>
              </value>
            </param>
            <param index="3">
              <value>
                <![CDATA[Windows]]>
              </value>
            </param>
            <param index="4">
              <value>
                <![CDATA[10]]>
              </value>
            </param>
            <param index="5">
              <value>
                <![CDATA[localhost]]>
              </value>
            </param>
            <param index="6">
              <value>
                <![CDATA[4444]]>
              </value>
            </param>
          </params>
          <reporter-output>
          </reporter-output>
        </test-method> <!-- beforeClass -->
        <test-method signature="TC_01_Delete_Customer_With_CustomerID_Is_Empty()[pri:0, instance:testcases.com.bankguru.customer.Customer_03_Delete_Customer@3b2e5c0d]" started-at="2023-10-05T14:50:19Z" name="TC_01_Delete_Customer_With_CustomerID_Is_Empty" finished-at="2023-10-05T14:50:20Z" duration-ms="1072" status="FAIL">
          <exception class="java.lang.AssertionError">
            <message>
              <![CDATA[expected [Customer ID is required...] but found [Customer ID is required]]]>
            </message>
            <full-stacktrace>
              <![CDATA[java.lang.AssertionError: expected [Customer ID is required...] but found [Customer ID is required]
at org.testng.Assert.fail(Assert.java:96)
at org.testng.Assert.failNotEquals(Assert.java:776)
at org.testng.Assert.assertEqualsImpl(Assert.java:137)
at org.testng.Assert.assertEquals(Assert.java:118)
at org.testng.Assert.assertEquals(Assert.java:442)
at commons.BaseTest.verifyEquals(BaseTest.java:125)
at testcases.com.bankguru.customer.Customer_03_Delete_Customer.TC_01_Delete_Customer_With_CustomerID_Is_Empty(Customer_03_Delete_Customer.java:101)
at java.base/jdk.internal.reflect.NativeMethodAccessorImpl.invoke0(Native Method)
at java.base/jdk.internal.reflect.NativeMethodAccessorImpl.invoke(NativeMethodAccessorImpl.java:62)
at java.base/jdk.internal.reflect.DelegatingMethodAccessorImpl.invoke(DelegatingMethodAccessorImpl.java:43)
at java.base/java.lang.reflect.Method.invoke(Method.java:566)
at org.testng.internal.MethodInvocationHelper.invokeMethod(MethodInvocationHelper.java:124)
at org.testng.internal.Invoker.invokeMethod(Invoker.java:583)
at org.testng.internal.Invoker.invokeTestMethod(Invoker.java:719)
at org.testng.internal.Invoker.invokeTestMethods(Invoker.java:989)
at org.testng.internal.TestMethodWorker.invokeTestMethods(TestMethodWorker.java:125)
at org.testng.internal.TestMethodWorker.run(TestMethodWorker.java:109)
at org.testng.TestRunner.privateRun(TestRunner.java:648)
at org.testng.TestRunner.run(TestRunner.java:505)
at org.testng.SuiteRunner.runTest(SuiteRunner.java:455)
at org.testng.SuiteRunner.access$000(SuiteRunner.java:40)
at org.testng.SuiteRunner$SuiteWorker.run(SuiteRunner.java:489)
at org.testng.internal.thread.ThreadUtil$1.call(ThreadUtil.java:52)
at java.base/java.util.concurrent.FutureTask.run(FutureTask.java:264)
at java.base/java.util.concurrent.ThreadPoolExecutor.runWorker(ThreadPoolExecutor.java:1128)
at java.base/java.util.concurrent.ThreadPoolExecutor$Worker.run(ThreadPoolExecutor.java:628)
at java.base/java.lang.Thread.run(Thread.java:834)
]]>
            </full-stacktrace>
          </exception> <!-- java.lang.AssertionError -->
          <reporter-output>
          </reporter-output>
        </test-method> <!-- TC_01_Delete_Customer_With_CustomerID_Is_Empty -->
        <test-method signature="TC_02_Delete_Customer_With_CustomerID_Have_Character()[pri:0, instance:testcases.com.bankguru.customer.Customer_03_Delete_Customer@3b2e5c0d]" started-at="2023-10-05T14:50:20Z" name="TC_02_Delete_Customer_With_CustomerID_Have_Character" finished-at="2023-10-05T14:50:21Z" duration-ms="1131" status="PASS">
          <reporter-output>
          </reporter-output>
        </test-method> <!-- TC_02_Delete_Customer_With_CustomerID_Have_Character -->
        <test-method signature="TC_03_Delete_Customer_With_CustomerID_Have_Special_Character()[pri:0, instance:testcases.com.bankguru.customer.Customer_03_Delete_Customer@3b2e5c0d]" started-at="2023-10-05T14:50:21Z" name="TC_03_Delete_Customer_With_CustomerID_Have_Special_Character" finished-at="2023-10-05T14:50:22Z" duration-ms="1036" status="PASS">
          <reporter-output>
          </reporter-output>
        </test-method> <!-- TC_03_Delete_Customer_With_CustomerID_Have_Special_Character -->
        <test-method signature="TC_05_Delete_Customer_Successful()[pri:0, instance:testcases.com.bankguru.customer.Customer_03_Delete_Customer@3b2e5c0d]" started-at="2023-10-05T14:50:22Z" name="TC_05_Delete_Customer_Successful" finished-at="2023-10-05T14:50:24Z" duration-ms="1613" status="PASS">
          <reporter-output>
          </reporter-output>
        </test-method> <!-- TC_05_Delete_Customer_Successful -->
        <test-method is-config="true" signature="afterClass()[pri:0, instance:testcases.com.bankguru.customer.Customer_03_Delete_Customer@3b2e5c0d]" started-at="2023-10-05T14:50:24Z" name="afterClass" finished-at="2023-10-05T14:50:26Z" duration-ms="1832" status="PASS">
          <reporter-output>
          </reporter-output>
        </test-method> <!-- afterClass -->
      </class> <!-- testcases.com.bankguru.customer.Customer_03_Delete_Customer -->
      <class name="testcases.com.bankguru.account.Account_01_New_Account">
        <test-method is-config="true" signature="beforeClass(java.lang.String, java.lang.String, java.lang.String, java.lang.String, java.lang.String, java.lang.String, java.lang.String)[pri:0, instance:testcases.com.bankguru.account.Account_01_New_Account@7499eac7]" started-at="2023-10-05T14:50:26Z" name="beforeClass" finished-at="2023-10-05T14:50:53Z" duration-ms="27407" status="PASS">
          <params>
            <param index="0">
              <value>
                <![CDATA[local]]>
              </value>
            </param>
            <param index="1">
              <value>
                <![CDATA[dev]]>
              </value>
            </param>
            <param index="2">
              <value>
                <![CDATA[firefox]]>
              </value>
            </param>
            <param index="3">
              <value>
                <![CDATA[Windows]]>
              </value>
            </param>
            <param index="4">
              <value>
                <![CDATA[10]]>
              </value>
            </param>
            <param index="5">
              <value>
                <![CDATA[localhost]]>
              </value>
            </param>
            <param index="6">
              <value>
                <![CDATA[4444]]>
              </value>
            </param>
          </params>
          <reporter-output>
          </reporter-output>
        </test-method> <!-- beforeClass -->
        <test-method signature="TC_01_New_Account_With_CustomerId_Is_Special_Character()[pri:0, instance:testcases.com.bankguru.account.Account_01_New_Account@7499eac7]" started-at="2023-10-05T14:50:53Z" name="TC_01_New_Account_With_CustomerId_Is_Special_Character" finished-at="2023-10-05T14:50:54Z" duration-ms="897" status="PASS">
          <reporter-output>
          </reporter-output>
        </test-method> <!-- TC_01_New_Account_With_CustomerId_Is_Special_Character -->
        <test-method signature="TC_02_New_Account_With_CustomerId_Have_Special_Character()[pri:0, instance:testcases.com.bankguru.account.Account_01_New_Account@7499eac7]" started-at="2023-10-05T14:50:54Z" name="TC_02_New_Account_With_CustomerId_Have_Special_Character" finished-at="2023-10-05T14:50:55Z" duration-ms="569" status="PASS">
          <reporter-output>
          </reporter-output>
        </test-method> <!-- TC_02_New_Account_With_CustomerId_Have_Special_Character -->
        <test-method signature="TC_04_New_Account_With_Initial_Deposit_Have_Character()[pri:0, instance:testcases.com.bankguru.account.Account_01_New_Account@7499eac7]" started-at="2023-10-05T14:50:55Z" name="TC_04_New_Account_With_Initial_Deposit_Have_Character" finished-at="2023-10-05T14:50:55Z" duration-ms="635" status="PASS">
          <reporter-output>
          </reporter-output>
        </test-method> <!-- TC_04_New_Account_With_Initial_Deposit_Have_Character -->
        <test-method signature="TC_05_New_Account_With_Initial_Deposit_Have_Special_Character()[pri:0, instance:testcases.com.bankguru.account.Account_01_New_Account@7499eac7]" started-at="2023-10-05T14:50:55Z" name="TC_05_New_Account_With_Initial_Deposit_Have_Special_Character" finished-at="2023-10-05T14:50:57Z" duration-ms="1869" status="PASS">
          <reporter-output>
          </reporter-output>
        </test-method> <!-- TC_05_New_Account_With_Initial_Deposit_Have_Special_Character -->
        <test-method signature="TC_03_New_Account_With_CustomerId_Have_Character()[pri:2, instance:testcases.com.bankguru.account.Account_01_New_Account@7499eac7]" started-at="2023-10-05T14:53:57Z" name="TC_03_New_Account_With_CustomerId_Have_Character" finished-at="2023-10-05T14:53:58Z" duration-ms="1114" status="PASS">
          <reporter-output>
          </reporter-output>
        </test-method> <!-- TC_03_New_Account_With_CustomerId_Have_Character -->
        <test-method is-config="true" signature="afterClass()[pri:0, instance:testcases.com.bankguru.account.Account_01_New_Account@7499eac7]" started-at="2023-10-05T14:53:58Z" name="afterClass" finished-at="2023-10-05T14:53:58Z" duration-ms="0" status="PASS">
          <reporter-output>
          </reporter-output>
        </test-method> <!-- afterClass -->
      </class> <!-- testcases.com.bankguru.account.Account_01_New_Account -->
      <class name="testcases.com.bankguru.statement.Customised_Statement">
        <test-method is-config="true" signature="beforeClass(java.lang.String, java.lang.String, java.lang.String, java.lang.String, java.lang.String, java.lang.String, java.lang.String)[pri:0, instance:testcases.com.bankguru.statement.Customised_Statement@429aeac1]" started-at="2023-10-05T14:52:01Z" name="beforeClass" finished-at="2023-10-05T14:52:34Z" duration-ms="32233" status="PASS">
          <params>
            <param index="0">
              <value>
                <![CDATA[local]]>
              </value>
            </param>
            <param index="1">
              <value>
                <![CDATA[dev]]>
              </value>
            </param>
            <param index="2">
              <value>
                <![CDATA[firefox]]>
              </value>
            </param>
            <param index="3">
              <value>
                <![CDATA[Windows]]>
              </value>
            </param>
            <param index="4">
              <value>
                <![CDATA[10]]>
              </value>
            </param>
            <param index="5">
              <value>
                <![CDATA[localhost]]>
              </value>
            </param>
            <param index="6">
              <value>
                <![CDATA[4444]]>
              </value>
            </param>
          </params>
          <reporter-output>
          </reporter-output>
        </test-method> <!-- beforeClass -->
        <test-method signature="TC_01_Customised_Statement_With_Account_Number_Is_Empty()[pri:0, instance:testcases.com.bankguru.statement.Customised_Statement@429aeac1]" started-at="2023-10-05T14:52:34Z" name="TC_01_Customised_Statement_With_Account_Number_Is_Empty" finished-at="2023-10-05T14:52:34Z" duration-ms="965" status="PASS">
          <reporter-output>
          </reporter-output>
        </test-method> <!-- TC_01_Customised_Statement_With_Account_Number_Is_Empty -->
        <test-method signature="TC_02_Customised_Statement_With_Account_Number_Have_Character()[pri:0, instance:testcases.com.bankguru.statement.Customised_Statement@429aeac1]" started-at="2023-10-05T14:52:34Z" name="TC_02_Customised_Statement_With_Account_Number_Have_Character" finished-at="2023-10-05T14:52:35Z" duration-ms="972" status="PASS">
          <reporter-output>
          </reporter-output>
        </test-method> <!-- TC_02_Customised_Statement_With_Account_Number_Have_Character -->
        <test-method signature="TC_03_Customised_Statement_With_Account_Number_Have_Special_Character()[pri:0, instance:testcases.com.bankguru.statement.Customised_Statement@429aeac1]" started-at="2023-10-05T14:52:35Z" name="TC_03_Customised_Statement_With_Account_Number_Have_Special_Character" finished-at="2023-10-05T14:52:36Z" duration-ms="935" status="PASS">
          <reporter-output>
          </reporter-output>
        </test-method> <!-- TC_03_Customised_Statement_With_Account_Number_Have_Special_Character -->
        <test-method signature="TC_04_Customised_Statement_With_Account_Number_Have_Character_Space()[pri:0, instance:testcases.com.bankguru.statement.Customised_Statement@429aeac1]" started-at="2023-10-05T14:52:36Z" name="TC_04_Customised_Statement_With_Account_Number_Have_Character_Space" finished-at="2023-10-05T14:52:37Z" duration-ms="910" status="PASS">
          <reporter-output>
          </reporter-output>
        </test-method> <!-- TC_04_Customised_Statement_With_Account_Number_Have_Character_Space -->
        <test-method signature="TC_05_Customised_Statement_With_Minimum_Transaction_Value_Have_Character()[pri:0, instance:testcases.com.bankguru.statement.Customised_Statement@429aeac1]" started-at="2023-10-05T14:52:37Z" name="TC_05_Customised_Statement_With_Minimum_Transaction_Value_Have_Character" finished-at="2023-10-05T14:52:38Z" duration-ms="913" status="PASS">
          <reporter-output>
          </reporter-output>
        </test-method> <!-- TC_05_Customised_Statement_With_Minimum_Transaction_Value_Have_Character -->
        <test-method signature="TC_06_Customised_Statement_With_Minimum_Transaction_Value_Have_Special_Character()[pri:0, instance:testcases.com.bankguru.statement.Customised_Statement@429aeac1]" started-at="2023-10-05T14:52:38Z" name="TC_06_Customised_Statement_With_Minimum_Transaction_Value_Have_Special_Character" finished-at="2023-10-05T14:52:39Z" duration-ms="909" status="PASS">
          <reporter-output>
          </reporter-output>
        </test-method> <!-- TC_06_Customised_Statement_With_Minimum_Transaction_Value_Have_Special_Character -->
        <test-method signature="TC_07_Customised_Statement_With_Minimum_Transaction_Value_Have_Character_Space()[pri:0, instance:testcases.com.bankguru.statement.Customised_Statement@429aeac1]" started-at="2023-10-05T14:52:39Z" name="TC_07_Customised_Statement_With_Minimum_Transaction_Value_Have_Character_Space" finished-at="2023-10-05T14:52:40Z" duration-ms="916" status="PASS">
          <reporter-output>
          </reporter-output>
        </test-method> <!-- TC_07_Customised_Statement_With_Minimum_Transaction_Value_Have_Character_Space -->
        <test-method signature="TC_08_Customized_Statement_With_Number_Of_Tracsaction_Have_Character()[pri:0, instance:testcases.com.bankguru.statement.Customised_Statement@429aeac1]" started-at="2023-10-05T14:52:40Z" name="TC_08_Customized_Statement_With_Number_Of_Tracsaction_Have_Character" finished-at="2023-10-05T14:52:41Z" duration-ms="937" status="PASS">
          <reporter-output>
          </reporter-output>
        </test-method> <!-- TC_08_Customized_Statement_With_Number_Of_Tracsaction_Have_Character -->
        <test-method signature="TC_09_Customized_Statement_With_Number_Of_Tracsaction_Have_Special_Character()[pri:0, instance:testcases.com.bankguru.statement.Customised_Statement@429aeac1]" started-at="2023-10-05T14:52:41Z" name="TC_09_Customized_Statement_With_Number_Of_Tracsaction_Have_Special_Character" finished-at="2023-10-05T14:52:42Z" duration-ms="920" status="PASS">
          <reporter-output>
          </reporter-output>
        </test-method> <!-- TC_09_Customized_Statement_With_Number_Of_Tracsaction_Have_Special_Character -->
        <test-method signature="TC_10_Customized_Statement_With_Number_Of_Tracsaction_Have_Character_Space()[pri:0, instance:testcases.com.bankguru.statement.Customised_Statement@429aeac1]" started-at="2023-10-05T14:52:42Z" name="TC_10_Customized_Statement_With_Number_Of_Tracsaction_Have_Character_Space" finished-at="2023-10-05T14:52:43Z" duration-ms="900" status="PASS">
          <reporter-output>
          </reporter-output>
        </test-method> <!-- TC_10_Customized_Statement_With_Number_Of_Tracsaction_Have_Character_Space -->
        <test-method is-config="true" signature="afterClass()[pri:0, instance:testcases.com.bankguru.statement.Customised_Statement@429aeac1]" started-at="2023-10-05T14:52:43Z" name="afterClass" finished-at="2023-10-05T14:52:44Z" duration-ms="1267" status="PASS">
          <reporter-output>
          </reporter-output>
        </test-method> <!-- afterClass -->
      </class> <!-- testcases.com.bankguru.statement.Customised_Statement -->
    </test> <!-- Run on firefox  -->
  </suite> <!-- BankGuru -->
</testng-results>
