<?xml version="1.0" encoding="UTF-8"?>
<!-- Generated by org.testng.reporters.JUnitReportReporter -->
<testsuite hostname="DESKTOP-C1IFLQ8" failures="0" tests="11" name="testcases.com.bankguru.statement.Customised_Statement" time="43.475" errors="1" timestamp="10 Oct 2023 15:08:41 GMT" skipped="10">
  <testcase classname="testcases.com.bankguru.statement.Customised_Statement" name="TC_06_Customised_Statement_With_Minimum_Transaction_Value_Have_Special_Character" time="0.000">
    <skipped/>
  </testcase> <!-- TC_06_Customised_Statement_With_Minimum_Transaction_Value_Have_Special_Character -->
  <testcase classname="testcases.com.bankguru.statement.Customised_Statement" name="TC_09_Customized_Statement_With_Number_Of_Tracsaction_Have_Special_Character" time="0.000">
    <skipped/>
  </testcase> <!-- TC_09_Customized_Statement_With_Number_Of_Tracsaction_Have_Special_Character -->
  <testcase classname="testcases.com.bankguru.statement.Customised_Statement" name="TC_02_Customised_Statement_With_Account_Number_Have_Character" time="0.000">
    <skipped/>
  </testcase> <!-- TC_02_Customised_Statement_With_Account_Number_Have_Character -->
  <testcase classname="testcases.com.bankguru.statement.Customised_Statement" name="TC_10_Customized_Statement_With_Number_Of_Tracsaction_Have_Character_Space" time="0.000">
    <skipped/>
  </testcase> <!-- TC_10_Customized_Statement_With_Number_Of_Tracsaction_Have_Character_Space -->
  <testcase classname="testcases.com.bankguru.statement.Customised_Statement" name="TC_07_Customised_Statement_With_Minimum_Transaction_Value_Have_Character_Space" time="0.000">
    <skipped/>
  </testcase> <!-- TC_07_Customised_Statement_With_Minimum_Transaction_Value_Have_Character_Space -->
  <testcase classname="testcases.com.bankguru.statement.Customised_Statement" name="TC_05_Customised_Statement_With_Minimum_Transaction_Value_Have_Character" time="0.000">
    <skipped/>
  </testcase> <!-- TC_05_Customised_Statement_With_Minimum_Transaction_Value_Have_Character -->
  <testcase classname="testcases.com.bankguru.statement.Customised_Statement" name="TC_03_Customised_Statement_With_Account_Number_Have_Special_Character" time="0.000">
    <skipped/>
  </testcase> <!-- TC_03_Customised_Statement_With_Account_Number_Have_Special_Character -->
  <testcase classname="testcases.com.bankguru.statement.Customised_Statement" name="TC_01_Customised_Statement_With_Account_Number_Is_Empty" time="0.000">
    <skipped/>
  </testcase> <!-- TC_01_Customised_Statement_With_Account_Number_Is_Empty -->
  <testcase classname="testcases.com.bankguru.statement.Customised_Statement" name="TC_04_Customised_Statement_With_Account_Number_Have_Character_Space" time="0.000">
    <skipped/>
  </testcase> <!-- TC_04_Customised_Statement_With_Account_Number_Have_Character_Space -->
  <testcase classname="testcases.com.bankguru.statement.Customised_Statement" name="TC_08_Customized_Statement_With_Number_Of_Tracsaction_Have_Character" time="0.000">
    <skipped/>
  </testcase> <!-- TC_08_Customized_Statement_With_Number_Of_Tracsaction_Have_Character -->
  <testcase classname="testcases.com.bankguru.statement.Customised_Statement" name="beforeClass" time="43.475">
    <error message="Expected condition failed: waiting for visibility of all elements located by By.name: uid (tried for 30 second(s) with 500 milliseconds interval)" type="org.openqa.selenium.TimeoutException">
      <![CDATA[org.openqa.selenium.TimeoutException: Expected condition failed: waiting for visibility of all elements located by By.name: uid (tried for 30 second(s) with 500 milliseconds interval)
at org.openqa.selenium.support.ui.WebDriverWait.timeoutException(WebDriverWait.java:95)
at org.openqa.selenium.support.ui.FluentWait.until(FluentWait.java:272)
at commons.BasePage.waitForElementVisible(BasePage.java:488)
at pageObjects.LoginPageObject.inputToUserIDTextbox(LoginPageObject.java:22)
at testcases.com.bankguru.statement.Customised_Statement.beforeClass(Customised_Statement.java:46)
at java.base/jdk.internal.reflect.NativeMethodAccessorImpl.invoke0(Native Method)
at java.base/jdk.internal.reflect.NativeMethodAccessorImpl.invoke(NativeMethodAccessorImpl.java:62)
at java.base/jdk.internal.reflect.DelegatingMethodAccessorImpl.invoke(DelegatingMethodAccessorImpl.java:43)
at java.base/java.lang.reflect.Method.invoke(Method.java:566)
at org.testng.internal.MethodInvocationHelper.invokeMethod(MethodInvocationHelper.java:124)
at org.testng.internal.MethodInvocationHelper.invokeMethodConsideringTimeout(MethodInvocationHelper.java:59)
at org.testng.internal.Invoker.invokeConfigurationMethod(Invoker.java:458)
at org.testng.internal.Invoker.invokeConfigurations(Invoker.java:222)
at org.testng.internal.Invoker.invokeConfigurations(Invoker.java:142)
at org.testng.internal.TestMethodWorker.invokeBeforeClassMethods(TestMethodWorker.java:168)
at org.testng.internal.TestMethodWorker.run(TestMethodWorker.java:105)
at org.testng.TestRunner.privateRun(TestRunner.java:648)
at org.testng.TestRunner.run(TestRunner.java:505)
at org.testng.SuiteRunner.runTest(SuiteRunner.java:455)
at org.testng.SuiteRunner.access$000(SuiteRunner.java:40)
at org.testng.SuiteRunner$SuiteWorker.run(SuiteRunner.java:489)
at org.testng.internal.thread.ThreadUtil$1.call(ThreadUtil.java:52)
at java.base/java.util.concurrent.FutureTask.run(FutureTask.java:264)
at java.base/java.util.concurrent.ThreadPoolExecutor.runWorker(ThreadPoolExecutor.java:1128)
at java.base/java.util.concurrent.ThreadPoolExecutor$Worker.run(ThreadPoolExecutor.java:628)
at java.base/java.lang.Thread.run(Thread.java:834)
Caused by: org.openqa.selenium.NoSuchWindowException: no such window: target window already closed
from unknown error: web view not found
  (Session info: chrome=117.0.5938.150)
Build info: version: '3.141.59', revision: 'e82be7d358', time: '2018-11-14T08:17:03'
System info: host: 'DESKTOP-C1IFLQ8', ip: '172.31.176.1', os.name: 'Windows 10', os.arch: 'amd64', os.version: '10.0', java.version: '11.0.14'
Driver info: org.openqa.selenium.chrome.ChromeDriver
Capabilities {acceptInsecureCerts: true, browserName: chrome, browserVersion: 117.0.5938.150, chrome: {chromedriverVersion: 117.0.5938.149 (e3344ddefa1..., userDataDir: C:\Users\Admin\AppData\Loca...}, fedcm:accounts: true, goog:chromeOptions: {debuggerAddress: localhost:54090}, javascriptEnabled: true, networkConnectionEnabled: false, pageLoadStrategy: normal, platform: WINDOWS, platformName: WINDOWS, proxy: Proxy(), setWindowRect: true, strictFileInteractability: false, timeouts: {implicit: 0, pageLoad: 300000, script: 30000}, unhandledPromptBehavior: dismiss and notify, webauthn:extension:credBlob: true, webauthn:extension:largeBlob: true, webauthn:extension:minPinLength: true, webauthn:extension:prf: true, webauthn:virtualAuthenticators: true}
Session ID: e521f875bdba3bee80e4b0df51310712
*** Element info: {Using=name, value=uid}
at jdk.internal.reflect.GeneratedConstructorAccessor25.newInstance(Unknown Source)
at java.base/jdk.internal.reflect.DelegatingConstructorAccessorImpl.newInstance(DelegatingConstructorAccessorImpl.java:45)
at java.base/java.lang.reflect.Constructor.newInstance(Constructor.java:490)
at org.openqa.selenium.remote.http.W3CHttpResponseCodec.createException(W3CHttpResponseCodec.java:187)
at org.openqa.selenium.remote.http.W3CHttpResponseCodec.decode(W3CHttpResponseCodec.java:122)
at org.openqa.selenium.remote.http.W3CHttpResponseCodec.decode(W3CHttpResponseCodec.java:49)
at org.openqa.selenium.remote.HttpCommandExecutor.execute(HttpCommandExecutor.java:158)
at org.openqa.selenium.remote.service.DriverCommandExecutor.execute(DriverCommandExecutor.java:83)
at org.openqa.selenium.remote.RemoteWebDriver.execute(RemoteWebDriver.java:552)
at org.openqa.selenium.remote.RemoteWebDriver.findElements(RemoteWebDriver.java:353)
at org.openqa.selenium.remote.RemoteWebDriver.findElementsByName(RemoteWebDriver.java:408)
at org.openqa.selenium.By$ByName.findElements(By.java:276)
at org.openqa.selenium.remote.RemoteWebDriver.findElements(RemoteWebDriver.java:311)
at org.openqa.selenium.support.ui.ExpectedConditions$8.apply(ExpectedConditions.java:231)
at org.openqa.selenium.support.ui.ExpectedConditions$8.apply(ExpectedConditions.java:228)
at org.openqa.selenium.support.ui.FluentWait.until(FluentWait.java:249)
... 24 more
]]>
    </error>
  </testcase> <!-- beforeClass -->
</testsuite> <!-- testcases.com.bankguru.statement.Customised_Statement -->
